time="2024-08-25T21:07:08+05:00" level=info msg="Configuration loaded"
time="2024-08-25T21:07:08+05:00" level=info msg="Successfully connected to Mongo"
time="2024-08-25T21:08:54+05:00" level=info msg="Configuration loaded"
time="2024-08-25T21:08:54+05:00" level=info msg="Successfully connected to Mongo"
time="2024-08-25T21:08:54+05:00" level=info msg="Hotel-service listening on :8001"
time="2024-08-25T21:45:18+05:00" level=info msg="Configuration loaded"
time="2024-08-25T21:45:18+05:00" level=info msg="Successfully connected to Mongo"
time="2024-08-25T21:45:18+05:00" level=info msg="Hotel-service listening on :8001"
time="2024-08-25T21:46:37+05:00" level=info msg="Configuration loaded"
time="2024-08-25T21:46:37+05:00" level=info msg="Successfully connected to Mongo"
time="2024-08-25T21:46:37+05:00" level=info msg="Hotel-service listening on :8001"
time="2024-08-25T21:46:38+05:00" level=info msg="Received signal: interrupt"
time="2024-08-25T21:47:09+05:00" level=info msg="Configuration loaded"
time="2024-08-25T21:47:09+05:00" level=info msg="Successfully connected to Mongo"
time="2024-08-25T21:47:09+05:00" level=info msg="Hotel-service listening on :8001"
time="2024-08-25T21:47:09+05:00" level=info msg="Received signal: interrupt"
time="2024-08-25T21:47:47+05:00" level=info msg="Configuration loaded"
time="2024-08-25T21:47:47+05:00" level=info msg="Successfully connected to Mongo"
time="2024-08-25T21:47:47+05:00" level=info msg="Hotel-service listening on :8001"
time="2024-08-25T21:47:47+05:00" level=info msg="Received signal: interrupt"
time="2024-08-25T21:47:52+05:00" level=info msg="Graceful shutdown complete."
time="2024-08-27T08:36:03+05:00" level=info msg="Configuration loaded"
time="2024-08-27T08:36:03+05:00" level=info msg="Successfully connected to Postgres"
time="2024-08-27T08:36:03+05:00" level=info msg="Hotel-service listening on :8002"
time="2024-08-27T09:31:07+05:00" level=info msg="ListOfHotel started.."
time="2024-08-27T09:31:07+05:00" level=info msg="ListOfHotel successfully fetched hotels"
time="2024-08-27T09:52:11+05:00" level=info msg="Received signal: interrupt"
time="2024-08-27T09:52:16+05:00" level=info msg="Graceful shutdown complete."
time="2024-08-27T10:14:29+05:00" level=info msg="Configuration loaded"
time="2024-08-27T10:14:29+05:00" level=info msg="Successfully connected to Postgres"
time="2024-08-27T10:14:29+05:00" level=info msg="Hotel-service listening on :8002"
time="2024-08-27T10:15:31+05:00" level=info msg="ListOfHotel started.."
time="2024-08-27T10:15:31+05:00" level=info msg="ListOfHotel successfully fetched hotels"
time="2024-08-27T10:15:57+05:00" level=info msg="GetDetailsOfHotel called with hotel ID:c14a3767-3bab-4a65-8c7f-dd0f9e215fa2"
time="2024-08-27T10:15:57+05:00" level=info msg="GetDetailsOfHotel successfully fetched details for hotel ID:c14a3767-3bab-4a65-8c7f-dd0f9e215fa2"
time="2024-08-27T10:16:10+05:00" level=info msg="GetAvailabilityRooms called with hotel ID:c14a3767-3bab-4a65-8c7f-dd0f9e215fa2"
time="2024-08-27T10:16:10+05:00" level=info msg="GetAvailabilityRooms successfully fetched available rooms for hotel ID:c14a3767-3bab-4a65-8c7f-dd0f9e215fa2"
time="2024-08-27T10:41:32+05:00" level=info msg="Received signal: interrupt"
time="2024-08-27T10:41:37+05:00" level=info msg="Graceful shutdown complete."
time="2024-08-28T15:35:37+05:00" level=info msg="Configuration loaded"
time="2024-08-28T15:35:37+05:00" level=info msg="Successfully connected to Postgres"
time="2024-08-28T15:35:37+05:00" level=info msg="Hotel-service listening on :8002"
time="2024-08-28T15:40:11+05:00" level=info msg="ListOfHotel started.."
time="2024-08-28T15:40:11+05:00" level=info msg="ListOfHotel successfully fetched hotels"
time="2024-08-28T15:59:37+05:00" level=info msg="ListOfHotel started.."
time="2024-08-28T15:59:37+05:00" level=info msg="ListOfHotel successfully fetched hotels"
time="2024-08-28T16:21:29+05:00" level=info msg="ListOfHotel started.."
time="2024-08-28T16:21:29+05:00" level=info msg="ListOfHotel successfully fetched hotels"
time="2024-08-28T16:57:11+05:00" level=info msg="ListOfHotel started.."
time="2024-08-28T16:57:11+05:00" level=info msg="ListOfHotel successfully fetched hotels"
time="2024-08-28T18:41:53+05:00" level=info msg="Received signal: interrupt"
time="2024-08-28T18:41:58+05:00" level=info msg="Graceful shutdown complete."
time="2024-08-28T21:42:52+05:00" level=info msg="Configuration loaded"
time="2024-08-28T21:42:52+05:00" level=info msg="Successfully connected to Postgres"
time="2024-08-28T21:42:52+05:00" level=info msg="Hotel-service listening on :8002"
time="2024-08-28T21:48:15+05:00" level=info msg="ListOfHotel started.."
time="2024-08-28T21:48:15+05:00" level=info msg="ListOfHotel successfully fetched hotels"
time="2024-08-28T22:36:48+05:00" level=info msg="Received signal: interrupt"
time="2024-08-28T22:36:53+05:00" level=info msg="Graceful shutdown complete."
time="2024-08-29T04:43:26+05:00" level=info msg="Configuration loaded"
time="2024-08-29T04:43:26+05:00" level=info msg="Successfully connected to Postgres"
time="2024-08-29T04:43:26+05:00" level=info msg="Hotel-service listening on :8002"
time="2024-08-29T04:47:04+05:00" level=info msg="ListOfHotel started.."
time="2024-08-29T04:47:04+05:00" level=info msg="ListOfHotel successfully fetched hotels"
time="2024-08-29T04:49:17+05:00" level=info msg="ListOfHotel started.."
time="2024-08-29T04:49:17+05:00" level=info msg="ListOfHotel successfully fetched hotels"
