time="2024-08-28T21:43:16+05:00" level=info msg="Configuration loaded successfully"
time="2024-08-28T21:43:16+05:00" level=info msg="Notification-service listening on::8005"
time="2024-08-28T21:43:38+05:00" level=info msg="Configuration loaded successfully"
time="2024-08-28T21:43:38+05:00" level=info msg="Websocket-service listening on::8005"
time="2024-08-28T21:47:02+05:00" level=info msg="Configuration loaded successfully"
time="2024-08-28T21:47:02+05:00" level=info msg="Kafka client created successfully"
time="2024-08-28T21:47:02+05:00" level=info msg="Websocket-service listening on::8005"
time="2024-08-28T21:47:03+05:00" level=info msg="Received signal:interrupt"
time="2024-08-28T21:47:03+05:00" level=info msg="Graceful shutdown complete."
time="2024-08-28T21:47:03+05:00" level=info msg="Kafka consumer closed successfully"
time="2024-08-28T21:47:18+05:00" level=info msg="Configuration loaded successfully"
time="2024-08-28T21:47:18+05:00" level=info msg="Kafka client created successfully"
time="2024-08-28T21:47:18+05:00" level=info msg="Websocket-service listening on::8005"
time="2024-08-28T21:53:15+05:00" level=info msg="New WebSocket client connected"
time="2024-08-28T21:53:25+05:00" level=info msg="Received signal:interrupt"
time="2024-08-28T21:53:25+05:00" level=info msg="Graceful shutdown complete."
time="2024-08-28T21:53:25+05:00" level=info msg="Kafka consumer closed successfully"
time="2024-08-28T22:05:36+05:00" level=info msg="Configuration loaded successfully"
time="2024-08-28T22:05:36+05:00" level=info msg="Kafka client created successfully"
time="2024-08-28T22:05:36+05:00" level=info msg="Websocket-service listening on::8005"
time="2024-08-28T22:06:17+05:00" level=error msg="Failed to upgrade WebSocket connection: websocket: the client is not using the websocket protocol: 'upgrade' token not found in 'Connection' header"
time="2024-08-28T22:07:04+05:00" level=info msg="New WebSocket client connected"
time="2024-08-28T22:07:12+05:00" level=error msg="Failed to upgrade WebSocket connection: websocket: the client is not using the websocket protocol: 'upgrade' token not found in 'Connection' header"
time="2024-08-28T22:08:31+05:00" level=error msg="Failed to upgrade WebSocket connection: websocket: the client is not using the websocket protocol: 'upgrade' token not found in 'Connection' header"
time="2024-08-28T22:11:18+05:00" level=error msg="Failed to upgrade WebSocket connection: websocket: the client is not using the websocket protocol: 'upgrade' token not found in 'Connection' header"
time="2024-08-28T22:13:26+05:00" level=error msg="Failed to read message from WebSocket: websocket: close 1000 (normal)"
time="2024-08-28T22:13:26+05:00" level=info msg="WebSocket client disconnected"
time="2024-08-28T22:13:26+05:00" level=info msg="WebSocket connection closed"
time="2024-08-28T22:13:28+05:00" level=info msg="New WebSocket client connected"
time="2024-08-28T22:13:29+05:00" level=error msg="Failed to read message from WebSocket: websocket: close 1000 (normal)"
time="2024-08-28T22:13:29+05:00" level=info msg="WebSocket client disconnected"
time="2024-08-28T22:13:29+05:00" level=info msg="WebSocket connection closed"
time="2024-08-28T22:13:30+05:00" level=info msg="New WebSocket client connected"
time="2024-08-28T22:15:07+05:00" level=info msg="Received signal:interrupt"
time="2024-08-28T22:15:07+05:00" level=info msg="Graceful shutdown complete."
time="2024-08-28T22:15:07+05:00" level=info msg="Kafka consumer closed successfully"
time="2024-08-28T22:18:50+05:00" level=info msg="Configuration loaded successfully"
time="2024-08-28T22:18:50+05:00" level=info msg="Kafka client created successfully"
time="2024-08-28T22:18:50+05:00" level=info msg="Websocket-service listening on::8005"
time="2024-08-28T22:18:50+05:00" level=info msg="Received message - Key: xadichamahkamovaa@gmail.com, Value: Sended email succesfully"
time="2024-08-28T22:18:50+05:00" level=info msg="Received message - Key: key, Value: Sended email succesfully"
time="2024-08-28T22:18:50+05:00" level=info msg="Received message - Key: key, Value: Sended email succesfully"
time="2024-08-28T22:18:50+05:00" level=info msg="Received message - Key: key, Value: Sended email succesfully"
time="2024-08-28T22:18:50+05:00" level=info msg="Received message - Key: key, Value: Sended email succesfully"
time="2024-08-28T22:19:11+05:00" level=info msg="Received message - Key: xadichamahkamovaa@gmail.com, Value: Sended email succesfully"
time="2024-08-28T22:19:11+05:00" level=error msg="Failed to upgrade WebSocket connection: websocket: the client is not using the websocket protocol: 'upgrade' token not found in 'Connection' header"
time="2024-08-28T22:19:32+05:00" level=info msg="New WebSocket client connected"
time="2024-08-28T22:19:43+05:00" level=error msg="Failed to upgrade WebSocket connection: websocket: the client is not using the websocket protocol: 'upgrade' token not found in 'Connection' header"
time="2024-08-28T22:19:43+05:00" level=info msg="Received message - Key: xadichamahkamovaa@gmail.com, Value: Sended email succesfully"
time="2024-08-28T22:19:43+05:00" level=info msg="Message sent to WebSocket client"
time="2024-08-28T22:21:15+05:00" level=info msg="Configuration loaded successfully"
time="2024-08-28T22:21:15+05:00" level=info msg="Kafka client created successfully"
time="2024-08-28T22:21:15+05:00" level=info msg="Websocket-service listening on::8005"
time="2024-08-28T22:21:15+05:00" level=fatal msg="Failed to start Websocket-service: listen tcp :8005: bind: address already in use"
time="2024-08-28T22:21:27+05:00" level=info msg="Configuration loaded successfully"
time="2024-08-28T22:21:27+05:00" level=info msg="Kafka client created successfully"
time="2024-08-28T22:21:27+05:00" level=info msg="Websocket-service listening on::8005"
time="2024-08-28T22:21:27+05:00" level=info msg="Received message - Key: xadichamahkamovaa@gmail.com, Value: Sended email succesfully"
time="2024-08-28T22:21:27+05:00" level=info msg="Received message - Key: xadichamahkamovaa@gmail.com, Value: Sended email succesfully"
time="2024-08-28T22:21:27+05:00" level=info msg="Received message - Key: xadichamahkamovaa@gmail.com, Value: Sended email succesfully"
time="2024-08-28T22:21:27+05:00" level=info msg="Received message - Key: key, Value: Sended email succesfully"
time="2024-08-28T22:21:27+05:00" level=info msg="Received message - Key: key, Value: Sended email succesfully"
time="2024-08-28T22:21:27+05:00" level=info msg="Received message - Key: key, Value: Sended email succesfully"
time="2024-08-28T22:21:27+05:00" level=info msg="Received message - Key: key, Value: Sended email succesfully"
time="2024-08-28T22:21:46+05:00" level=info msg="Received message - Key: xadichamahkamovaa@gmail.com, Value: Sended email succesfully"
time="2024-08-28T22:21:46+05:00" level=error msg="Failed to upgrade WebSocket connection: websocket: the client is not using the websocket protocol: 'upgrade' token not found in 'Connection' header"
time="2024-08-28T22:22:03+05:00" level=info msg="New WebSocket client connected"
time="2024-08-28T22:22:22+05:00" level=info msg="Received message - Key: xadichamahkamovaa@gmail.com, Value: Sended email succesfully"
time="2024-08-28T22:22:22+05:00" level=info msg="Message sent to WebSocket client"
time="2024-08-28T22:22:22+05:00" level=error msg="Failed to upgrade WebSocket connection: websocket: the client is not using the websocket protocol: 'upgrade' token not found in 'Connection' header"
time="2024-08-28T22:24:05+05:00" level=info msg="Configuration loaded successfully"
time="2024-08-28T22:24:05+05:00" level=info msg="Kafka client created successfully"
time="2024-08-28T22:24:06+05:00" level=info msg="Received message - Key: xadichamahkamovaa@gmail.com, Value: Sended email succesfully"
time="2024-08-28T22:24:06+05:00" level=info msg="Received message - Key: xadichamahkamovaa@gmail.com, Value: Sended email succesfully"
time="2024-08-28T22:24:06+05:00" level=info msg="Received message - Key: xadichamahkamovaa@gmail.com, Value: Sended email succesfully"
time="2024-08-28T22:24:06+05:00" level=info msg="Received message - Key: xadichamahkamovaa@gmail.com, Value: Sended email succesfully"
time="2024-08-28T22:24:06+05:00" level=info msg="Received message - Key: xadichamahkamovaa@gmail.com, Value: Sended email succesfully"
time="2024-08-28T22:24:06+05:00" level=info msg="Received message - Key: key, Value: Sended email succesfully"
time="2024-08-28T22:24:06+05:00" level=info msg="Received message - Key: key, Value: Sended email succesfully"
time="2024-08-28T22:24:06+05:00" level=info msg="Received message - Key: key, Value: Sended email succesfully"
time="2024-08-28T22:24:06+05:00" level=info msg="Received message - Key: key, Value: Sended email succesfully"
time="2024-08-28T22:25:13+05:00" level=info msg="Configuration loaded successfully"
time="2024-08-28T22:25:13+05:00" level=info msg="Kafka client created successfully"
time="2024-08-28T22:25:13+05:00" level=info msg="Websocket-service listening on::8005"
time="2024-08-28T22:25:13+05:00" level=info msg="Received message - Key: xadichamahkamovaa@gmail.com, Value: Sended email succesfully"
time="2024-08-28T22:25:13+05:00" level=info msg="Received message - Key: xadichamahkamovaa@gmail.com, Value: Sended email succesfully"
time="2024-08-28T22:25:13+05:00" level=info msg="Received message - Key: xadichamahkamovaa@gmail.com, Value: Sended email succesfully"
time="2024-08-28T22:25:13+05:00" level=info msg="Received message - Key: xadichamahkamovaa@gmail.com, Value: Sended email succesfully"
time="2024-08-28T22:25:13+05:00" level=info msg="Received message - Key: xadichamahkamovaa@gmail.com, Value: Sended email succesfully"
time="2024-08-28T22:25:13+05:00" level=info msg="Received message - Key: key, Value: Sended email succesfully"
time="2024-08-28T22:25:13+05:00" level=info msg="Received message - Key: key, Value: Sended email succesfully"
time="2024-08-28T22:25:13+05:00" level=info msg="Received message - Key: key, Value: Sended email succesfully"
time="2024-08-28T22:25:13+05:00" level=info msg="Received message - Key: key, Value: Sended email succesfully"
time="2024-08-28T22:25:23+05:00" level=info msg="New WebSocket client connected"
time="2024-08-28T22:25:23+05:00" level=info msg="New WebSocket client connected"
time="2024-08-28T22:25:39+05:00" level=info msg="Received message - Key: xadichamahkamovaa@gmail.com, Value: Sended email succesfully"
time="2024-08-28T22:25:39+05:00" level=info msg="Message sent to WebSocket client"
time="2024-08-28T22:25:39+05:00" level=info msg="Message sent to WebSocket client"
time="2024-08-28T22:25:39+05:00" level=error msg="Failed to upgrade WebSocket connection: websocket: the client is not using the websocket protocol: 'upgrade' token not found in 'Connection' header"
time="2024-08-28T22:29:58+05:00" level=info msg="Configuration loaded successfully"
time="2024-08-28T22:29:58+05:00" level=info msg="Kafka client created successfully"
time="2024-08-28T22:29:58+05:00" level=info msg="Websocket-service listening on::8005"
time="2024-08-28T22:29:58+05:00" level=info msg="Received message - Key: xadichamahkamovaa@gmail.com, Value: Sended email succesfully"
time="2024-08-28T22:29:58+05:00" level=info msg="Received message - Key: xadichamahkamovaa@gmail.com, Value: Sended email succesfully"
time="2024-08-28T22:29:58+05:00" level=info msg="Received message - Key: xadichamahkamovaa@gmail.com, Value: Sended email succesfully"
time="2024-08-28T22:29:58+05:00" level=info msg="Received message - Key: xadichamahkamovaa@gmail.com, Value: Sended email succesfully"
time="2024-08-28T22:29:58+05:00" level=info msg="Received message - Key: xadichamahkamovaa@gmail.com, Value: Sended email succesfully"
time="2024-08-28T22:29:58+05:00" level=info msg="Received message - Key: xadichamahkamovaa@gmail.com, Value: Sended email succesfully"
time="2024-08-28T22:29:58+05:00" level=info msg="Received message - Key: key, Value: Sended email succesfully"
time="2024-08-28T22:29:58+05:00" level=info msg="Received message - Key: key, Value: Sended email succesfully"
time="2024-08-28T22:29:58+05:00" level=info msg="Received message - Key: key, Value: Sended email succesfully"
time="2024-08-28T22:29:58+05:00" level=info msg="Received message - Key: key, Value: Sended email succesfully"
time="2024-08-28T22:30:08+05:00" level=info msg="Received message - Key: xadichamahkamovaa@gmail.com, Value: Sended email succesfully"
time="2024-08-28T22:30:08+05:00" level=error msg="Failed to upgrade WebSocket connection: websocket: the client is not using the websocket protocol: 'upgrade' token not found in 'Connection' header"
time="2024-08-28T22:30:18+05:00" level=info msg="New WebSocket client connected"
time="2024-08-28T22:30:24+05:00" level=info msg="Received message - Key: xadichamahkamovaa@gmail.com, Value: Sended email succesfully"
time="2024-08-28T22:30:24+05:00" level=info msg="Message sent to WebSocket client"
time="2024-08-28T22:30:25+05:00" level=error msg="Failed to upgrade WebSocket connection: websocket: the client is not using the websocket protocol: 'upgrade' token not found in 'Connection' header"
time="2024-08-29T04:44:46+05:00" level=info msg="Configuration loaded successfully"
time="2024-08-29T04:44:46+05:00" level=info msg="Kafka client created successfully"
time="2024-08-29T04:44:46+05:00" level=info msg="Websocket-service listening on::8005"
time="2024-08-29T04:46:11+05:00" level=info msg="New WebSocket client connected"
time="2024-08-29T04:52:18+05:00" level=error msg="Failed to read message from WebSocket: websocket: close 1000 (normal)"
time="2024-08-29T04:52:18+05:00" level=info msg="WebSocket client disconnected"
time="2024-08-29T04:52:18+05:00" level=info msg="WebSocket connection closed"
time="2024-08-29T04:52:19+05:00" level=info msg="New WebSocket client connected"
time="2024-08-29T04:53:33+05:00" level=info msg="Configuration loaded successfully"
time="2024-08-29T04:53:33+05:00" level=info msg="Kafka client created successfully"
time="2024-08-29T04:53:33+05:00" level=info msg="Websocket-service listening on::8005"
time="2024-08-29T04:53:33+05:00" level=fatal msg="Failed to start Websocket-service: listen tcp :8005: bind: address already in use"
time="2024-08-29T04:53:40+05:00" level=info msg="Configuration loaded successfully"
time="2024-08-29T04:53:40+05:00" level=info msg="Kafka client created successfully"
time="2024-08-29T04:53:40+05:00" level=info msg="Websocket-service listening on::8005"
time="2024-08-29T04:54:24+05:00" level=info msg="New WebSocket client connected"
time="2024-08-29T04:55:15+05:00" level=info msg="Received message - Key: key, Value: Sended email succesfully"
time="2024-08-29T04:55:15+05:00" level=info msg="Message sent to WebSocket client"
time="2024-08-29T04:55:15+05:00" level=info msg="Received message - Key: key, Value: Sended email succesfully"
time="2024-08-29T04:55:15+05:00" level=info msg="Message sent to WebSocket client"
time="2024-08-29T04:55:15+05:00" level=info msg="Received message - Key: key, Value: Sended email succesfully"
time="2024-08-29T04:55:15+05:00" level=info msg="Message sent to WebSocket client"
time="2024-08-29T04:55:15+05:00" level=info msg="Received message - Key: key, Value: Sended email succesfully"
time="2024-08-29T04:55:15+05:00" level=info msg="Message sent to WebSocket client"
time="2024-08-29T04:55:20+05:00" level=info msg="Received message - Key: xadichamahkamovaa@gmail.com, Value: Sended email succesfully"
time="2024-08-29T04:55:20+05:00" level=info msg="Message sent to WebSocket client"
time="2024-08-29T04:55:20+05:00" level=info msg="Received message - Key: xadichamahkamovaa@gmail.com, Value: Sended email succesfully"
time="2024-08-29T04:55:20+05:00" level=info msg="Message sent to WebSocket client"
time="2024-08-29T04:55:20+05:00" level=info msg="Received message - Key: xadichamahkamovaa@gmail.com, Value: Sended email succesfully"
time="2024-08-29T04:55:20+05:00" level=info msg="Message sent to WebSocket client"
time="2024-08-29T04:55:20+05:00" level=info msg="Received message - Key: xadichamahkamovaa@gmail.com, Value: Sended email succesfully"
time="2024-08-29T04:55:20+05:00" level=info msg="Message sent to WebSocket client"
time="2024-08-29T04:55:20+05:00" level=info msg="Received message - Key: xadichamahkamovaa@gmail.com, Value: Sended email succesfully"
time="2024-08-29T04:55:20+05:00" level=info msg="Message sent to WebSocket client"
time="2024-08-29T04:55:20+05:00" level=info msg="Received message - Key: xadichamahkamovaa@gmail.com, Value: Sended email succesfully"
time="2024-08-29T04:55:20+05:00" level=info msg="Message sent to WebSocket client"
time="2024-08-29T04:55:20+05:00" level=info msg="Received message - Key: xadichamahkamovaa@gmail.com, Value: Sended email succesfully"
time="2024-08-29T04:55:20+05:00" level=info msg="Message sent to WebSocket client"
time="2024-08-29T04:55:20+05:00" level=info msg="Received message - Key: xadichamahkamovaa@gmail.com, Value: Sended email succesfully"
time="2024-08-29T04:55:20+05:00" level=info msg="Message sent to WebSocket client"
time="2024-08-29T04:55:20+05:00" level=info msg="Received message - Key: xadichamahkamovaa@gmail.com, Value: Sended email succesfully"
time="2024-08-29T04:55:20+05:00" level=info msg="Message sent to WebSocket client"
time="2024-08-29T04:55:43+05:00" level=error msg="Failed to read message from WebSocket: websocket: close 1000 (normal)"
time="2024-08-29T04:55:43+05:00" level=info msg="WebSocket client disconnected"
time="2024-08-29T04:55:43+05:00" level=info msg="WebSocket connection closed"
time="2024-08-29T04:55:45+05:00" level=info msg="New WebSocket client connected"
time="2024-08-29T04:55:51+05:00" level=info msg="Received message - Key: xadichamahkamovaa@gmail.com, Value: Sended email succesfully"
time="2024-08-29T04:55:51+05:00" level=info msg="Message sent to WebSocket client"
time="2024-08-29T05:23:23+05:00" level=info msg="Configuration loaded successfully"
time="2024-08-29T05:23:23+05:00" level=info msg="Kafka client created successfully"
time="2024-08-29T05:23:23+05:00" level=info msg="Websocket-service listening on::8005"
time="2024-08-29T05:23:23+05:00" level=info msg="Received message - Key: xadichamahkamovaa@gmail.com, Value: Sended email succesfully"
time="2024-08-29T05:23:23+05:00" level=info msg="Received message - Key: xadichamahkamovaa@gmail.com, Value: Sended email succesfully"
time="2024-08-29T05:23:23+05:00" level=info msg="Received message - Key: xadichamahkamovaa@gmail.com, Value: Sended email succesfully"
time="2024-08-29T05:23:23+05:00" level=info msg="Received message - Key: xadichamahkamovaa@gmail.com, Value: Sended email succesfully"
time="2024-08-29T05:23:23+05:00" level=info msg="Received message - Key: xadichamahkamovaa@gmail.com, Value: Sended email succesfully"
time="2024-08-29T05:23:23+05:00" level=info msg="Received message - Key: xadichamahkamovaa@gmail.com, Value: Sended email succesfully"
time="2024-08-29T05:23:23+05:00" level=info msg="Received message - Key: xadichamahkamovaa@gmail.com, Value: Sended email succesfully"
time="2024-08-29T05:23:23+05:00" level=info msg="Received message - Key: xadichamahkamovaa@gmail.com, Value: Sended email succesfully"
time="2024-08-29T05:23:23+05:00" level=info msg="Received message - Key: xadichamahkamovaa@gmail.com, Value: Sended email succesfully"
time="2024-08-29T05:23:23+05:00" level=info msg="Received message - Key: xadichamahkamovaa@gmail.com, Value: Sended email succesfully"
time="2024-08-29T05:23:23+05:00" level=info msg="Received message - Key: key, Value: Sended email succesfully"
time="2024-08-29T05:23:23+05:00" level=info msg="Received message - Key: key, Value: Sended email succesfully"
time="2024-08-29T05:23:23+05:00" level=info msg="Received message - Key: key, Value: Sended email succesfully"
time="2024-08-29T05:23:23+05:00" level=info msg="Received message - Key: key, Value: Sended email succesfully"
