time="2024-08-26T20:36:34+05:00" level=info msg="Configuration loaded"
time="2024-08-26T20:36:34+05:00" level=info msg="Successfully connected to Postgres"
time="2024-08-27T08:35:44+05:00" level=info msg="Configuration loaded"
time="2024-08-27T08:35:44+05:00" level=info msg="Successfully connected to Postgres"
time="2024-08-27T08:35:44+05:00" level=info msg="User-service listening on :8001"
time="2024-08-27T09:12:58+05:00" level=info msg="RegisterUser called with request:user_name:\"yourusername\"  password:\"yourpassword\"  email:\"example@example.com\""
time="2024-08-27T09:12:58+05:00" level=info msg="User registered successfully with ID:0531b763-3375-4e84-8847-38ae74a291af"
time="2024-08-27T09:15:15+05:00" level=info msg="RegisterUser called with request:user_name:\"xadicha\"  password:\"1810\"  email:\"qwert\""
time="2024-08-27T09:15:15+05:00" level=info msg="User registered successfully with ID:48af2234-ded0-4aa6-b30d-64d2686e14d3"
time="2024-08-27T09:15:39+05:00" level=info msg="LoginUser called with request:user_name:\"xadicha\"  password:\"1810\""
time="2024-08-27T09:15:39+05:00" level=info msg="User logged in successfully with ID:48af2234-ded0-4aa6-b30d-64d2686e14d3"
time="2024-08-27T09:48:43+05:00" level=info msg="RegisterUser called with request:user_name:\"john\"  password:\"john\"  email:\"qwert\""
time="2024-08-27T09:48:43+05:00" level=info msg="User registered successfully with ID:ea332264-2aea-4df8-9d6c-84d030d99684"
time="2024-08-27T09:49:00+05:00" level=info msg="LoginUser called with request:user_name:\"string\"  password:\"string\""
time="2024-08-27T09:49:00+05:00" level=error msg="Error logging in user:sql: no rows in result set"
time="2024-08-27T09:49:21+05:00" level=info msg="LoginUser called with request:user_name:\"john\"  password:\"john\""
time="2024-08-27T09:49:21+05:00" level=info msg="User logged in successfully with ID:ea332264-2aea-4df8-9d6c-84d030d99684"
time="2024-08-27T09:52:08+05:00" level=info msg="Received signal: interrupt"
time="2024-08-27T09:52:13+05:00" level=info msg="Graceful shutdown complete."
time="2024-08-27T10:14:22+05:00" level=info msg="Configuration loaded"
time="2024-08-27T10:14:22+05:00" level=info msg="Successfully connected to Postgres"
time="2024-08-27T10:14:22+05:00" level=info msg="User-service listening on :8001"
time="2024-08-27T10:14:41+05:00" level=info msg="RegisterUser called with request:user_name:\"qwert\"  password:\"qwert\"  email:\"qwert\""
time="2024-08-27T10:14:41+05:00" level=info msg="User registered successfully with ID:11329ee9-8ca0-4adf-9c3c-5e6e38111c69"
time="2024-08-27T10:15:01+05:00" level=info msg="LoginUser called with request:user_name:\"qwert\"  password:\"qwert\""
time="2024-08-27T10:15:01+05:00" level=info msg="User logged in successfully with ID:11329ee9-8ca0-4adf-9c3c-5e6e38111c69"
time="2024-08-27T10:26:55+05:00" level=info msg="LoginUser called with request:user_name:\"qwert\"  password:\"qwert\""
time="2024-08-27T10:26:55+05:00" level=info msg="User logged in successfully with ID:11329ee9-8ca0-4adf-9c3c-5e6e38111c69"
time="2024-08-27T10:41:23+05:00" level=info msg="Received signal: interrupt"
time="2024-08-27T10:41:28+05:00" level=info msg="Graceful shutdown complete."
time="2024-08-28T15:32:31+05:00" level=info msg="Configuration loaded"
time="2024-08-28T15:32:31+05:00" level=info msg="Successfully connected to Postgres"
time="2024-08-28T15:32:31+05:00" level=info msg="User-service listening on :8001"
time="2024-08-28T15:34:07+05:00" level=info msg="LoginUser called with request:user_name:\"qwert\"  password:\"qwert\""
time="2024-08-28T15:34:07+05:00" level=info msg="User logged in successfully with ID:11329ee9-8ca0-4adf-9c3c-5e6e38111c69"
time="2024-08-28T15:37:35+05:00" level=info msg="LoginUser called with request:user_name:\"qwert\"  password:\"qwert\""
time="2024-08-28T15:37:35+05:00" level=info msg="User logged in successfully with ID:11329ee9-8ca0-4adf-9c3c-5e6e38111c69"
time="2024-08-28T15:39:35+05:00" level=info msg="LoginUser called with request:user_name:\"qwert\"  password:\"qwert\""
time="2024-08-28T15:39:35+05:00" level=info msg="User logged in successfully with ID:11329ee9-8ca0-4adf-9c3c-5e6e38111c69"
time="2024-08-28T15:58:47+05:00" level=info msg="RegisterUser called with request:user_name:\"xadicha\"  password:\"xadicha1810\"  email:\"mahkamovahadija1810@gmail.com\""
time="2024-08-28T15:58:47+05:00" level=info msg="User registered successfully with ID:18bb7c0c-43a2-4f1a-9203-79043e23931e"
time="2024-08-28T15:59:08+05:00" level=info msg="LoginUser called with request:user_name:\"xadicha\"  password:\"xadicha1810\""
time="2024-08-28T15:59:08+05:00" level=info msg="User logged in successfully with ID:18bb7c0c-43a2-4f1a-9203-79043e23931e"
time="2024-08-28T16:20:17+05:00" level=info msg="RegisterUser called with request:user_name:\"xadicha\"  password:\"xadicha1810\"  email:\"xadichamahkamovaa@gmail.com\""
time="2024-08-28T16:20:17+05:00" level=info msg="User registered successfully with ID:8b02e474-7d82-4885-b93a-4ccb3c787063"
time="2024-08-28T16:20:24+05:00" level=info msg="LoginUser called with request:user_name:\"xadicha\"  password:\"xadicha1810\""
time="2024-08-28T16:20:24+05:00" level=info msg="User logged in successfully with ID:18bb7c0c-43a2-4f1a-9203-79043e23931e"
time="2024-08-28T16:20:56+05:00" level=info msg="RegisterUser called with request:user_name:\"xadicha\"  password:\"x1810\"  email:\"xadichamahkamovaa@gmail.com\""
time="2024-08-28T16:20:56+05:00" level=info msg="User registered successfully with ID:b04e2967-9293-4ebf-bba1-1b8572f5ccff"
time="2024-08-28T16:21:03+05:00" level=info msg="LoginUser called with request:user_name:\"xadicha\"  password:\"x1810\""
time="2024-08-28T16:21:03+05:00" level=info msg="User logged in successfully with ID:b04e2967-9293-4ebf-bba1-1b8572f5ccff"
time="2024-08-28T16:56:50+05:00" level=info msg="LoginUser called with request:user_name:\"xadicha\"  password:\"x1810\""
time="2024-08-28T16:56:50+05:00" level=info msg="User logged in successfully with ID:b04e2967-9293-4ebf-bba1-1b8572f5ccff"
time="2024-08-28T18:41:50+05:00" level=info msg="Received signal: interrupt"
time="2024-08-28T21:42:43+05:00" level=info msg="Configuration loaded"
time="2024-08-28T21:42:43+05:00" level=info msg="Successfully connected to Postgres"
time="2024-08-28T21:42:43+05:00" level=info msg="User-service listening on :8001"
time="2024-08-28T21:47:48+05:00" level=info msg="LoginUser called with request:user_name:\"xadicha\"  password:\"x1810\""
time="2024-08-28T21:47:48+05:00" level=info msg="User logged in successfully with ID:b04e2967-9293-4ebf-bba1-1b8572f5ccff"
time="2024-08-28T22:36:51+05:00" level=info msg="Received signal: interrupt"
time="2024-08-28T22:36:56+05:00" level=info msg="Graceful shutdown complete."
time="2024-08-29T04:43:16+05:00" level=info msg="Configuration loaded"
time="2024-08-29T04:43:16+05:00" level=info msg="Successfully connected to Postgres"
time="2024-08-29T04:43:16+05:00" level=info msg="User-service listening on :8001"
time="2024-08-29T04:46:39+05:00" level=info msg="LoginUser called with request:user_name:\"xadicha\"  password:\"x1810\""
time="2024-08-29T04:46:39+05:00" level=info msg="User logged in successfully with ID:b04e2967-9293-4ebf-bba1-1b8572f5ccff"
time="2024-08-29T04:48:39+05:00" level=info msg="LoginUser called with request:user_name:\"xadicha\"  password:\"x1810\""
time="2024-08-29T04:48:39+05:00" level=info msg="User logged in successfully with ID:b04e2967-9293-4ebf-bba1-1b8572f5ccff"
time="2024-08-29T05:18:35+05:00" level=info msg="LoginUser called with request:user_name:\"xadicha\"  password:\"x1810\""
time="2024-08-29T05:18:35+05:00" level=info msg="User logged in successfully with ID:b04e2967-9293-4ebf-bba1-1b8572f5ccff"
