time="2024-08-26T18:28:27+05:00" level=info msg="Configuration loaded"
time="2024-08-26T18:28:27+05:00" level=info msg="Successfully connected to Postgres"
time="2024-08-26T18:28:29+05:00" level=info msg="Received signal: interrupt"
time="2024-08-26T18:28:34+05:00" level=info msg="Graceful shutdown complete."
time="2024-08-27T08:36:18+05:00" level=info msg="Configuration loaded"
time="2024-08-27T08:36:18+05:00" level=info msg="Successfully connected to Postgres"
time="2024-08-27T08:36:18+05:00" level=info msg="Booking-service listening on :8003"
time="2024-08-27T09:52:12+05:00" level=info msg="Received signal: interrupt"
time="2024-08-27T09:52:17+05:00" level=info msg="Graceful shutdown complete."
time="2024-08-27T10:14:36+05:00" level=info msg="Configuration loaded"
time="2024-08-27T10:14:36+05:00" level=info msg="Successfully connected to Postgres"
time="2024-08-27T10:14:36+05:00" level=info msg="Booking-service listening on :8003"
time="2024-08-27T10:16:57+05:00" level=info msg="CreateBooking called with request:user_id:\"48af2234-ded0-4aa6-b30d-64d2686e14d3\"  hotel_id:\"5f3f5f42-d334-4ef3-9b7c-8a6e8d1251f9\"  room_type:\"Deluxe\"  check_in_date:\"2024-09-01\"  check_out_date:\"2024-09-07\"  total_amount:1200"
time="2024-08-27T10:16:57+05:00" level=error msg="Error creating booking:pq: column \"id\" does not exist"
time="2024-08-27T10:17:48+05:00" level=info msg="CreateBooking called with request:user_id:\"11329ee9-8ca0-4adf-9c3c-5e6e38111c69\"  hotel_id:\"c14a3767-3bab-4a65-8c7f-dd0f9e215fa2\"  room_type:\"Deluxe\"  check_in_date:\"2024-09-01\"  check_out_date:\"2024-09-07\"  total_amount:1200"
time="2024-08-27T10:17:48+05:00" level=error msg="Error creating booking:pq: column \"id\" does not exist"
time="2024-08-27T10:18:47+05:00" level=info msg="Received signal: interrupt"
time="2024-08-27T10:18:52+05:00" level=info msg="Graceful shutdown complete."
time="2024-08-27T10:19:26+05:00" level=info msg="Configuration loaded"
time="2024-08-27T10:19:26+05:00" level=info msg="Successfully connected to Postgres"
time="2024-08-27T10:19:26+05:00" level=info msg="Booking-service listening on :8003"
time="2024-08-27T10:19:31+05:00" level=info msg="CreateBooking called with request:user_id:\"11329ee9-8ca0-4adf-9c3c-5e6e38111c69\" hotel_id:\"c14a3767-3bab-4a65-8c7f-dd0f9e215fa2\" room_type:\"Deluxe\" check_in_date:\"2024-09-01\" check_out_date:\"2024-09-07\" total_amount:1200"
time="2024-08-27T10:19:31+05:00" level=error msg="Error creating booking:pq: invalid input syntax for type uuid: \"Deluxe\""
time="2024-08-27T10:22:42+05:00" level=info msg="Received signal: interrupt"
time="2024-08-27T10:22:47+05:00" level=info msg="Graceful shutdown complete."
time="2024-08-27T10:22:56+05:00" level=info msg="Configuration loaded"
time="2024-08-27T10:22:56+05:00" level=info msg="Successfully connected to Postgres"
time="2024-08-27T10:22:56+05:00" level=info msg="Booking-service listening on :8003"
time="2024-08-27T10:23:00+05:00" level=info msg="CreateBooking called with request:user_id:\"11329ee9-8ca0-4adf-9c3c-5e6e38111c69\" hotel_id:\"c14a3767-3bab-4a65-8c7f-dd0f9e215fa2\" room_type:\"Deluxe\" check_in_date:\"2024-09-01\" check_out_date:\"2024-09-07\" total_amount:1200"
time="2024-08-27T10:23:00+05:00" level=error msg="Error creating booking:pq: invalid input syntax for type uuid: \"Deluxe\""
time="2024-08-27T10:26:19+05:00" level=info msg="Received signal: interrupt"
time="2024-08-27T10:26:24+05:00" level=info msg="Graceful shutdown complete."
time="2024-08-27T10:26:26+05:00" level=info msg="Configuration loaded"
time="2024-08-27T10:26:26+05:00" level=info msg="Successfully connected to Postgres"
time="2024-08-27T10:26:26+05:00" level=info msg="Booking-service listening on :8003"
time="2024-08-27T10:28:35+05:00" level=info msg="CreateBooking called with request:user_id:\"11329ee9-8ca0-4adf-9c3c-5e6e38111c69\"  hotel_id:\"c14a3767-3bab-4a65-8c7f-dd0f9e215fa2\"  room_type:\"Deluxe\"  check_in_date:\"2024-09-01\"  check_out_date:\"2024-09-07\"  total_amount:1200"
time="2024-08-27T10:28:35+05:00" level=info msg="Booking created successfully with ID:4ea100d7-ec09-4656-979f-e5ae1610f2e1"
time="2024-08-27T10:28:53+05:00" level=info msg="GetDetailsOfBooking called with request:booking_id:\"4ea100d7-ec09-4656-979f-e5ae1610f2e1\""
time="2024-08-27T10:28:53+05:00" level=info msg="Booking details retrieved successfully for ID:4ea100d7-ec09-4656-979f-e5ae1610f2e1"
time="2024-08-27T10:30:04+05:00" level=info msg="UpdateBooking called with request:booking_id:\"4ea100d7-ec09-4656-979f-e5ae1610f2e1\"  check_in_date:\"2024-09-01T00:00:00Z\"  check_out_date:\"2024-09-07T00:00:00Z\"  total_amount:1200  status:\"CONFIRMED\""
time="2024-08-27T10:30:04+05:00" level=info msg="Booking updated successfully with ID:4ea100d7-ec09-4656-979f-e5ae1610f2e1"
time="2024-08-27T10:30:56+05:00" level=info msg="CancelBooking called with request:booking_id:\"4ea100d7-ec09-4656-979f-e5ae1610f2e1\""
time="2024-08-27T10:30:56+05:00" level=error msg="Error cancelling booking:pq: column \"cancelled\" does not exist"
time="2024-08-27T10:31:59+05:00" level=info msg="Received signal: interrupt"
time="2024-08-27T10:32:04+05:00" level=info msg="Configuration loaded"
time="2024-08-27T10:32:04+05:00" level=info msg="Successfully connected to Postgres"
time="2024-08-27T10:32:04+05:00" level=info msg="Booking-service listening on :8003"
time="2024-08-27T10:32:28+05:00" level=info msg="CancelBooking called with request:booking_id:\"4ea100d7-ec09-4656-979f-e5ae1610f2e1\""
time="2024-08-27T10:32:28+05:00" level=error msg="Error cancelling booking:pq: column \"cancelled\" does not exist"
time="2024-08-27T10:34:00+05:00" level=info msg="Received signal: interrupt"
time="2024-08-27T10:34:05+05:00" level=info msg="Graceful shutdown complete."
time="2024-08-27T10:34:29+05:00" level=info msg="Configuration loaded"
time="2024-08-27T10:34:29+05:00" level=info msg="Successfully connected to Postgres"
time="2024-08-27T10:34:29+05:00" level=info msg="Booking-service listening on :8003"
time="2024-08-27T10:34:33+05:00" level=info msg="CancelBooking called with request:booking_id:\"4ea100d7-ec09-4656-979f-e5ae1610f2e1\""
time="2024-08-27T10:34:33+05:00" level=error msg="Error cancelling booking:pq: column \"cancelled\" does not exist"
time="2024-08-27T10:37:21+05:00" level=info msg="Received signal: interrupt"
time="2024-08-27T10:37:26+05:00" level=info msg="Graceful shutdown complete."
time="2024-08-27T10:37:43+05:00" level=info msg="Configuration loaded"
time="2024-08-27T10:37:43+05:00" level=info msg="Successfully connected to Postgres"
time="2024-08-27T10:37:43+05:00" level=info msg="Booking-service listening on :8003"
time="2024-08-27T10:37:48+05:00" level=info msg="CancelBooking called with request:booking_id:\"4ea100d7-ec09-4656-979f-e5ae1610f2e1\""
time="2024-08-27T10:37:48+05:00" level=error msg="Error cancelling booking:pq: column \"CANCELLED\" does not exist"
time="2024-08-27T10:38:35+05:00" level=info msg="Received signal: interrupt"
time="2024-08-27T10:38:40+05:00" level=info msg="Graceful shutdown complete."
time="2024-08-27T10:38:43+05:00" level=info msg="Configuration loaded"
time="2024-08-27T10:38:43+05:00" level=info msg="Successfully connected to Postgres"
time="2024-08-27T10:38:43+05:00" level=info msg="Booking-service listening on :8003"
time="2024-08-27T10:38:47+05:00" level=info msg="CancelBooking called with request:booking_id:\"4ea100d7-ec09-4656-979f-e5ae1610f2e1\""
time="2024-08-27T10:38:47+05:00" level=info msg="Booking cancelled successfully with ID:4ea100d7-ec09-4656-979f-e5ae1610f2e1"
time="2024-08-27T10:38:54+05:00" level=info msg="GetDetailsOfBooking called with request:booking_id:\"4ea100d7-ec09-4656-979f-e5ae1610f2e1\""
time="2024-08-27T10:38:54+05:00" level=info msg="Booking details retrieved successfully for ID:4ea100d7-ec09-4656-979f-e5ae1610f2e1"
time="2024-08-27T10:39:13+05:00" level=info msg="ListBookingOfUsers called with request:user_id:\"11329ee9-8ca0-4adf-9c3c-5e6e38111c69\""
time="2024-08-27T10:39:13+05:00" level=error msg="Error listing bookings for user:pq: column \"hotel_id\" does not exist"
time="2024-08-27T10:39:51+05:00" level=info msg="Received signal: interrupt"
time="2024-08-27T10:39:56+05:00" level=info msg="Graceful shutdown complete."
time="2024-08-27T10:40:00+05:00" level=info msg="Configuration loaded"
time="2024-08-27T10:40:00+05:00" level=info msg="Successfully connected to Postgres"
time="2024-08-27T10:40:00+05:00" level=info msg="Booking-service listening on :8003"
time="2024-08-27T10:40:02+05:00" level=info msg="ListBookingOfUsers called with request:user_id:\"11329ee9-8ca0-4adf-9c3c-5e6e38111c69\""
time="2024-08-27T10:40:02+05:00" level=error msg="Error listing bookings for user:pq: column \"booking_id\" does not exist"
time="2024-08-27T10:40:24+05:00" level=info msg="Received signal: interrupt"
time="2024-08-27T10:40:29+05:00" level=info msg="Graceful shutdown complete."
time="2024-08-27T10:40:30+05:00" level=info msg="Configuration loaded"
time="2024-08-27T10:40:30+05:00" level=info msg="Successfully connected to Postgres"
time="2024-08-27T10:40:30+05:00" level=info msg="Booking-service listening on :8003"
time="2024-08-27T10:40:33+05:00" level=info msg="ListBookingOfUsers called with request:user_id:\"11329ee9-8ca0-4adf-9c3c-5e6e38111c69\""
time="2024-08-27T10:40:33+05:00" level=error msg="Error scanning booking:sql: expected 7 destination arguments in Scan, not 6"
time="2024-08-27T10:40:41+05:00" level=info msg="Received signal: interrupt"
time="2024-08-27T10:40:46+05:00" level=info msg="Graceful shutdown complete."
time="2024-08-27T10:41:07+05:00" level=info msg="Configuration loaded"
time="2024-08-27T10:41:07+05:00" level=info msg="Successfully connected to Postgres"
time="2024-08-27T10:41:07+05:00" level=info msg="Booking-service listening on :8003"
time="2024-08-27T10:41:10+05:00" level=info msg="ListBookingOfUsers called with request:user_id:\"11329ee9-8ca0-4adf-9c3c-5e6e38111c69\""
time="2024-08-27T10:41:10+05:00" level=info msg="Bookings listed successfully for user ID:11329ee9-8ca0-4adf-9c3c-5e6e38111c69"
time="2024-08-27T10:41:39+05:00" level=info msg="Received signal: interrupt"
time="2024-08-27T10:41:44+05:00" level=info msg="Graceful shutdown complete."
time="2024-08-28T15:28:38+05:00" level=info msg="Configuration loaded"
time="2024-08-28T15:28:38+05:00" level=info msg="Successfully connected to Postgres"
time="2024-08-28T15:28:38+05:00" level=info msg="Booking-service listening on :8003"
time="2024-08-28T15:41:59+05:00" level=info msg="CreateBooking called with request:user_id:\"11329ee9-8ca0-4adf-9c3c-5e6e38111c69\"  hotel_id:\"c14a3767-3bab-4a65-8c7f-dd0f9e215fa2\"  room_type:\"Lux\"  check_in_date:\"2024-10-12\"  check_out_date:\"2024-10-19\"  total_amount:100"
time="2024-08-28T15:41:59+05:00" level=info msg="Booking created successfully with ID:7534632a-dc1c-47c6-ad40-b3f50699216f"
time="2024-08-28T15:44:30+05:00" level=info msg="CreateBooking called with request:user_id:\"11329ee9-8ca0-4adf-9c3c-5e6e38111c69\"  hotel_id:\"c14a3767-3bab-4a65-8c7f-dd0f9e215fa2\"  room_type:\"Lux\"  check_in_date:\"2024-10-12\"  check_out_date:\"2024-10-19\"  total_amount:100"
time="2024-08-28T15:44:30+05:00" level=info msg="Booking created successfully with ID:29af8509-1fb0-4f54-afee-314cc76990bd"
time="2024-08-28T15:50:46+05:00" level=info msg="CreateBooking called with request:user_id:\"11329ee9-8ca0-4adf-9c3c-5e6e38111c69\"  hotel_id:\"c14a3767-3bab-4a65-8c7f-dd0f9e215fa2\"  room_type:\"Lux\"  check_in_date:\"2024-10-12\"  check_out_date:\"2024-10-19\"  total_amount:100"
time="2024-08-28T15:50:46+05:00" level=info msg="Booking created successfully with ID:7bca4217-1043-4333-bc23-ab092625c39d"
time="2024-08-28T16:00:08+05:00" level=info msg="CreateBooking called with request:user_id:\"18bb7c0c-43a2-4f1a-9203-79043e23931e\"  hotel_id:\"c14a3767-3bab-4a65-8c7f-dd0f9e215fa2\"  room_type:\"Lux\"  check_in_date:\"2024-10-12\"  check_out_date:\"2024-10-19\"  total_amount:100"
time="2024-08-28T16:00:08+05:00" level=info msg="Booking created successfully with ID:17a73249-36e8-4b9b-bd4b-316c042ee59a"
time="2024-08-28T16:22:02+05:00" level=info msg="CreateBooking called with request:user_id:\"18bb7c0c-43a2-4f1a-9203-79043e23931e\"  hotel_id:\"c14a3767-3bab-4a65-8c7f-dd0f9e215fa2\"  room_type:\"Lux\"  check_in_date:\"2024-10-12\"  check_out_date:\"2024-10-19\"  total_amount:100"
time="2024-08-28T16:22:02+05:00" level=info msg="Booking created successfully with ID:31b6d547-0539-4326-ada5-1b7e64514532"
time="2024-08-28T16:22:15+05:00" level=info msg="CreateBooking called with request:user_id:\"b04e2967-9293-4ebf-bba1-1b8572f5ccff\"  hotel_id:\"c14a3767-3bab-4a65-8c7f-dd0f9e215fa2\"  room_type:\"Lux\"  check_in_date:\"2024-10-12\"  check_out_date:\"2024-10-19\"  total_amount:100"
time="2024-08-28T16:22:15+05:00" level=info msg="Booking created successfully with ID:e2e842e0-5b09-47a1-8d7e-09f1953a2bf7"
time="2024-08-28T16:22:29+05:00" level=info msg="CreateBooking called with request:user_id:\"b04e2967-9293-4ebf-bba1-1b8572f5ccff\"  hotel_id:\"c14a3767-3bab-4a65-8c7f-dd0f9e215fa2\"  room_type:\"Lux\"  check_in_date:\"2024-10-12\"  check_out_date:\"2024-10-19\"  total_amount:100"
time="2024-08-28T16:22:29+05:00" level=info msg="Booking created successfully with ID:2c164e84-30fc-4f6d-aabd-59e0fe58bbb6"
time="2024-08-28T16:48:00+05:00" level=info msg="CreateBooking called with request:user_id:\"b04e2967-9293-4ebf-bba1-1b8572f5ccff\"  hotel_id:\"c14a3767-3bab-4a65-8c7f-dd0f9e215fa2\"  room_type:\"Lux\"  check_in_date:\"2024-10-12\"  check_out_date:\"2024-10-19\"  total_amount:100"
time="2024-08-28T16:48:00+05:00" level=info msg="Booking created successfully with ID:9c30195f-cc6d-458e-a366-a25864bb0a72"
time="2024-08-28T16:58:17+05:00" level=info msg="CreateBooking called with request:user_id:\"b04e2967-9293-4ebf-bba1-1b8572f5ccff\"  hotel_id:\"c14a3767-3bab-4a65-8c7f-dd0f9e215fa2\"  room_type:\"Lux\"  check_in_date:\"2024.10.18\"  check_out_date:\"2024.10.23\"  total_amount:100"
time="2024-08-28T16:58:17+05:00" level=info msg="Booking created successfully with ID:dfdae23d-0173-4fd9-8ed5-6b2df81e632d"
time="2024-08-28T17:07:16+05:00" level=info msg="CreateBooking called with request:user_id:\"b04e2967-9293-4ebf-bba1-1b8572f5ccff\"  hotel_id:\"c14a3767-3bab-4a65-8c7f-dd0f9e215fa2\"  room_type:\"Lux\"  check_in_date:\"2024.10.18\"  check_out_date:\"2024.10.23\"  total_amount:100"
time="2024-08-28T17:07:16+05:00" level=info msg="Booking created successfully with ID:2e3659fa-2bf3-4932-96c3-55bd19a6b83b"
time="2024-08-28T20:29:29+05:00" level=info msg="Received signal: interrupt"
time="2024-08-28T20:29:34+05:00" level=info msg="Graceful shutdown complete."
time="2024-08-28T21:42:36+05:00" level=info msg="Configuration loaded"
time="2024-08-28T21:42:36+05:00" level=info msg="Successfully connected to Postgres"
time="2024-08-28T21:42:36+05:00" level=info msg="Booking-service listening on :8003"
time="2024-08-28T21:50:02+05:00" level=info msg="CreateBooking called with request:user_id:\"b04e2967-9293-4ebf-bba1-1b8572f5ccff\"  hotel_id:\"c14a3767-3bab-4a65-8c7f-dd0f9e215fa2\"  room_type:\"Lux Pro\"  check_in_date:\"2024-10-18\"  check_out_date:\"2024-10-23\"  total_amount:30"
time="2024-08-28T21:50:02+05:00" level=info msg="Booking created successfully with ID:d956af29-29c9-4262-a35d-eebf35a80c1b"
time="2024-08-28T21:51:16+05:00" level=info msg="CreateBooking called with request:user_id:\"b04e2967-9293-4ebf-bba1-1b8572f5ccff\"  hotel_id:\"c14a3767-3bab-4a65-8c7f-dd0f9e215fa2\"  room_type:\"Lux Pro\"  check_in_date:\"2024-10-18\"  check_out_date:\"2024-10-23\"  total_amount:30"
time="2024-08-28T21:51:16+05:00" level=info msg="Booking created successfully with ID:febc38af-4fd2-4dc4-8e45-ce8f95cac0b0"
time="2024-08-28T22:05:22+05:00" level=info msg="CreateBooking called with request:user_id:\"b04e2967-9293-4ebf-bba1-1b8572f5ccff\"  hotel_id:\"c14a3767-3bab-4a65-8c7f-dd0f9e215fa2\"  room_type:\"Lux Pro\"  check_in_date:\"2024-10-18\"  check_out_date:\"2024-10-23\"  total_amount:30"
time="2024-08-28T22:05:22+05:00" level=info msg="Booking created successfully with ID:e12f4196-e13a-4299-9992-9eb9832ac848"
time="2024-08-28T22:06:15+05:00" level=info msg="CreateBooking called with request:user_id:\"b04e2967-9293-4ebf-bba1-1b8572f5ccff\"  hotel_id:\"c14a3767-3bab-4a65-8c7f-dd0f9e215fa2\"  room_type:\"Lux Pro\"  check_in_date:\"2024-10-18\"  check_out_date:\"2024-10-23\"  total_amount:30"
time="2024-08-28T22:06:15+05:00" level=info msg="Booking created successfully with ID:a876529e-8cc1-474f-a5eb-ab3c8c980770"
time="2024-08-28T22:07:10+05:00" level=info msg="CreateBooking called with request:user_id:\"b04e2967-9293-4ebf-bba1-1b8572f5ccff\"  hotel_id:\"c14a3767-3bab-4a65-8c7f-dd0f9e215fa2\"  room_type:\"Lux Pro\"  check_in_date:\"2024-10-18\"  check_out_date:\"2024-10-23\"  total_amount:30"
time="2024-08-28T22:07:10+05:00" level=info msg="Booking created successfully with ID:7daf0420-fc3b-4144-92c8-ce7100dbe6fd"
time="2024-08-28T22:08:29+05:00" level=info msg="CreateBooking called with request:user_id:\"b04e2967-9293-4ebf-bba1-1b8572f5ccff\"  hotel_id:\"c14a3767-3bab-4a65-8c7f-dd0f9e215fa2\"  room_type:\"Lux Pro\"  check_in_date:\"2024-10-18\"  check_out_date:\"2024-10-23\"  total_amount:30"
time="2024-08-28T22:08:29+05:00" level=info msg="Booking created successfully with ID:1824101a-22cc-4d78-ba3d-ff40775fd53c"
time="2024-08-28T22:11:16+05:00" level=info msg="CreateBooking called with request:user_id:\"b04e2967-9293-4ebf-bba1-1b8572f5ccff\"  hotel_id:\"c14a3767-3bab-4a65-8c7f-dd0f9e215fa2\"  room_type:\"Lux Pro\"  check_in_date:\"2024-10-18\"  check_out_date:\"2024-10-23\"  total_amount:30"
time="2024-08-28T22:11:16+05:00" level=info msg="Booking created successfully with ID:4d195ce4-e34f-40f5-b720-5c0b58149e3a"
time="2024-08-28T22:19:04+05:00" level=info msg="CreateBooking called with request:user_id:\"b04e2967-9293-4ebf-bba1-1b8572f5ccff\"  hotel_id:\"c14a3767-3bab-4a65-8c7f-dd0f9e215fa2\"  room_type:\"Lux Pro\"  check_in_date:\"2024-10-18\"  check_out_date:\"2024-10-23\"  total_amount:30"
time="2024-08-28T22:19:04+05:00" level=info msg="Booking created successfully with ID:be7cd512-4b90-419c-b2f1-ca47a9d13d47"
time="2024-08-28T22:19:41+05:00" level=info msg="CreateBooking called with request:user_id:\"b04e2967-9293-4ebf-bba1-1b8572f5ccff\"  hotel_id:\"c14a3767-3bab-4a65-8c7f-dd0f9e215fa2\"  room_type:\"Lux Pro\"  check_in_date:\"2024-10-18\"  check_out_date:\"2024-10-23\"  total_amount:30"
time="2024-08-28T22:19:41+05:00" level=info msg="Booking created successfully with ID:c7e90585-ee22-4e41-9cdc-2987179865de"
time="2024-08-28T22:21:39+05:00" level=info msg="CreateBooking called with request:user_id:\"b04e2967-9293-4ebf-bba1-1b8572f5ccff\"  hotel_id:\"c14a3767-3bab-4a65-8c7f-dd0f9e215fa2\"  room_type:\"Lux Pro\"  check_in_date:\"2024-10-18\"  check_out_date:\"2024-10-23\"  total_amount:30"
time="2024-08-28T22:21:39+05:00" level=info msg="Booking created successfully with ID:5290aa0d-6ac4-4b1a-8a9d-6e1be42e74f0"
time="2024-08-28T22:22:21+05:00" level=info msg="CreateBooking called with request:user_id:\"b04e2967-9293-4ebf-bba1-1b8572f5ccff\"  hotel_id:\"c14a3767-3bab-4a65-8c7f-dd0f9e215fa2\"  room_type:\"Lux Pro\"  check_in_date:\"2024-10-18\"  check_out_date:\"2024-10-23\"  total_amount:30"
time="2024-08-28T22:22:21+05:00" level=info msg="Booking created successfully with ID:c9a8eee7-f516-47d1-b937-1aad61ad239c"
time="2024-08-28T22:25:32+05:00" level=info msg="CreateBooking called with request:user_id:\"b04e2967-9293-4ebf-bba1-1b8572f5ccff\"  hotel_id:\"c14a3767-3bab-4a65-8c7f-dd0f9e215fa2\"  room_type:\"Lux Pro\"  check_in_date:\"2024-10-18\"  check_out_date:\"2024-10-23\"  total_amount:30"
time="2024-08-28T22:25:32+05:00" level=info msg="Booking created successfully with ID:79ad0a3e-9ad3-4ecb-9d4e-bb793dd5d9b1"
time="2024-08-28T22:30:06+05:00" level=info msg="CreateBooking called with request:user_id:\"b04e2967-9293-4ebf-bba1-1b8572f5ccff\"  hotel_id:\"c14a3767-3bab-4a65-8c7f-dd0f9e215fa2\"  room_type:\"Lux Pro\"  check_in_date:\"2024-10-18\"  check_out_date:\"2024-10-23\"  total_amount:30"
time="2024-08-28T22:30:06+05:00" level=info msg="Booking created successfully with ID:e0fa96e9-4dfe-4e97-a0bd-5a946cc21702"
time="2024-08-28T22:30:23+05:00" level=info msg="CreateBooking called with request:user_id:\"b04e2967-9293-4ebf-bba1-1b8572f5ccff\"  hotel_id:\"c14a3767-3bab-4a65-8c7f-dd0f9e215fa2\"  room_type:\"Lux Pro\"  check_in_date:\"2024-10-18\"  check_out_date:\"2024-10-23\"  total_amount:30"
time="2024-08-28T22:30:23+05:00" level=info msg="Booking created successfully with ID:cc968bfd-f5b3-492d-aa33-6bfb84543600"
time="2024-08-28T22:36:52+05:00" level=info msg="Received signal: interrupt"
time="2024-08-28T22:36:57+05:00" level=info msg="Graceful shutdown complete."
time="2024-08-29T04:43:36+05:00" level=info msg="Configuration loaded"
time="2024-08-29T04:43:36+05:00" level=info msg="Successfully connected to Postgres"
time="2024-08-29T04:43:36+05:00" level=info msg="Booking-service listening on :8003"
time="2024-08-29T04:47:17+05:00" level=info msg="CreateBooking called with request:user_id:\"string\"  hotel_id:\"string\"  room_type:\"string\"  check_in_date:\"string\"  check_out_date:\"string\""
time="2024-08-29T04:47:17+05:00" level=error msg="Error creating booking:pq: invalid input syntax for type uuid: \"string\""
time="2024-08-29T04:50:44+05:00" level=info msg="CreateBooking called with request:user_id:\"b04e2967-9293-4ebf-bba1-1b8572f5ccff\"  hotel_id:\"2b6316f1-bd48-433a-bd0c-2155ab919c34\"  room_type:\"Pro Lux\"  check_in_date:\"2024-10-10\"  check_out_date:\"2024-10-18\"  total_amount:100000"
time="2024-08-29T04:50:44+05:00" level=info msg="Booking created successfully with ID:f76e6021-75f1-4e33-84dc-bd21533ccee8"
time="2024-08-29T04:53:48+05:00" level=info msg="CreateBooking called with request:user_id:\"b04e2967-9293-4ebf-bba1-1b8572f5ccff\"  hotel_id:\"2b6316f1-bd48-433a-bd0c-2155ab919c34\"  room_type:\"Pro Lux\"  check_in_date:\"2024-10-10\"  check_out_date:\"2024-10-18\"  total_amount:100000"
time="2024-08-29T04:53:48+05:00" level=info msg="Booking created successfully with ID:be2a5b30-f255-47d7-b163-041cbc38571e"
time="2024-08-29T04:55:50+05:00" level=info msg="CreateBooking called with request:user_id:\"b04e2967-9293-4ebf-bba1-1b8572f5ccff\"  hotel_id:\"2b6316f1-bd48-433a-bd0c-2155ab919c34\"  room_type:\"Pro Lux\"  check_in_date:\"2024-10-10\"  check_out_date:\"2024-10-18\"  total_amount:100000"
time="2024-08-29T04:55:50+05:00" level=info msg="Booking created successfully with ID:3e8cd290-2882-4441-b010-9f0b233cfda6"
