time="2024-08-28T09:48:37+05:00" level=info msg="Configuration loaded"
time="2024-08-28T09:48:37+05:00" level=info msg="Notification-service listening on :8004"
time="2024-08-28T09:48:39+05:00" level=info msg="Received signal: interrupt"
time="2024-08-28T09:48:44+05:00" level=info msg="Graceful shutdown complete."
time="2024-08-28T15:28:45+05:00" level=info msg="Configuration loaded"
time="2024-08-28T15:28:45+05:00" level=info msg="Notification-service listening on :8004"
time="2024-08-28T15:41:59+05:00" level=info msg="SendEmail function started"
time="2024-08-28T15:41:59+05:00" level=info msg="Sending email to:qwert"
time="2024-08-28T15:42:00+05:00" level=error msg="Failed to send email:535 5.7.8 Username and Password not accepted. For more information, go to\n5.7.8  https://support.google.com/mail/?p=BadCredentials 2adb3069b0e04-5334ea29a87sm2143166e87.30 - gsmtp"
time="2024-08-28T15:44:04+05:00" level=info msg="Received signal: interrupt"
time="2024-08-28T15:44:09+05:00" level=info msg="Graceful shutdown complete."
time="2024-08-28T15:44:24+05:00" level=info msg="Configuration loaded"
time="2024-08-28T15:44:24+05:00" level=info msg="Notification-service listening on :8004"
time="2024-08-28T15:44:30+05:00" level=info msg="SendEmail function started"
time="2024-08-28T15:44:30+05:00" level=info msg="Sending email to:qwert"
time="2024-08-28T15:44:31+05:00" level=error msg="Failed to send email:535 5.7.8 Username and Password not accepted. For more information, go to\n5.7.8  https://support.google.com/mail/?p=BadCredentials 2adb3069b0e04-5334ea59557sm2121150e87.178 - gsmtp"
time="2024-08-28T15:45:46+05:00" level=info msg="Received signal: interrupt"
time="2024-08-28T15:45:51+05:00" level=info msg="Graceful shutdown complete."
time="2024-08-28T15:46:14+05:00" level=info msg="Configuration loaded"
time="2024-08-28T15:46:14+05:00" level=info msg="Notification-service listening on :8004"
time="2024-08-28T15:46:26+05:00" level=info msg="Received signal: interrupt"
time="2024-08-28T15:46:31+05:00" level=info msg="Graceful shutdown complete."
time="2024-08-28T15:50:41+05:00" level=info msg="Configuration loaded"
time="2024-08-28T15:50:41+05:00" level=info msg="Notification-service listening on :8004"
time="2024-08-28T15:50:46+05:00" level=info msg="SendEmail function started"
time="2024-08-28T15:50:46+05:00" level=info msg="Sending email to:qwert"
time="2024-08-28T15:50:48+05:00" level=error msg="Failed to send email:535 5.7.8 Username and Password not accepted. For more information, go to\n5.7.8  https://support.google.com/mail/?p=BadCredentials 2adb3069b0e04-5334ea8a495sm2107198e87.300 - gsmtp"
time="2024-08-28T16:00:08+05:00" level=info msg="SendEmail function started"
time="2024-08-28T16:00:08+05:00" level=info msg="Sending email to:mahkamovahadija1810@gmail.com"
time="2024-08-28T16:00:09+05:00" level=error msg="Failed to send email:535 5.7.8 Username and Password not accepted. For more information, go to\n5.7.8  https://support.google.com/mail/?p=BadCredentials 38308e7fff4ca-2f4048ae829sm18671541fa.139 - gsmtp"
time="2024-08-28T16:19:42+05:00" level=info msg="Received signal: interrupt"
time="2024-08-28T16:19:47+05:00" level=info msg="Graceful shutdown complete."
time="2024-08-28T16:22:25+05:00" level=info msg="Configuration loaded"
time="2024-08-28T16:22:25+05:00" level=info msg="Notification-service listening on :8004"
time="2024-08-28T16:22:29+05:00" level=info msg="SendEmail function started"
time="2024-08-28T16:22:29+05:00" level=info msg="Sending email to:xadichamahkamovaa@gmail.com"
time="2024-08-28T16:22:31+05:00" level=error msg="Failed to send email:535 5.7.8 Username and Password not accepted. For more information, go to\n5.7.8  https://support.google.com/mail/?p=BadCredentials 38308e7fff4ca-2f40484a5acsm18768821fa.87 - gsmtp"
time="2024-08-28T16:48:00+05:00" level=info msg="SendEmail function started"
time="2024-08-28T16:48:00+05:00" level=info msg="Sending email to:xadichamahkamovaa@gmail.com"
time="2024-08-28T16:48:01+05:00" level=error msg="Failed to send email:535 5.7.8 Username and Password not accepted. For more information, go to\n5.7.8  https://support.google.com/mail/?p=BadCredentials 2adb3069b0e04-5334ea5d907sm2171370e87.207 - gsmtp"
time="2024-08-28T16:53:27+05:00" level=info msg="Received signal: interrupt"
time="2024-08-28T16:53:32+05:00" level=info msg="Graceful shutdown complete."
time="2024-08-28T16:56:16+05:00" level=info msg="Configuration loaded"
time="2024-08-28T16:56:16+05:00" level=info msg="Notification-service listening on :8004"
time="2024-08-28T16:58:17+05:00" level=info msg="SendEmail function started"
time="2024-08-28T16:58:17+05:00" level=info msg="Sending email to:xadichamahkamovaa@gmail.com"
time="2024-08-28T16:58:18+05:00" level=error msg="Failed to send email:535 5.7.8 Username and Password not accepted. For more information, go to\n5.7.8  https://support.google.com/mail/?p=BadCredentials 2adb3069b0e04-5334ea59441sm2113769e87.174 - gsmtp"
time="2024-08-28T17:06:36+05:00" level=info msg="Received signal: interrupt"
time="2024-08-28T17:06:41+05:00" level=info msg="Graceful shutdown complete."
time="2024-08-28T17:07:09+05:00" level=info msg="Configuration loaded"
time="2024-08-28T17:07:09+05:00" level=info msg="Notification-service listening on :8004"
time="2024-08-28T17:07:16+05:00" level=info msg="SendEmail function started"
time="2024-08-28T17:07:16+05:00" level=info msg="Sending email to:xadichamahkamovaa@gmail.com"
time="2024-08-28T17:07:18+05:00" level=info msg="Email sent successfully to:xadichamahkamovaa@gmail.com"
time="2024-08-28T18:42:00+05:00" level=info msg="Received signal: interrupt"
time="2024-08-28T18:42:05+05:00" level=info msg="Graceful shutdown complete."
time="2024-08-28T21:43:00+05:00" level=info msg="Configuration loaded successfully"
time="2024-08-28T21:43:00+05:00" level=info msg="Starting gRPC Notification Service..."
time="2024-08-28T21:43:00+05:00" level=info msg="Notification-service listening on :8004"
time="2024-08-28T21:50:02+05:00" level=info msg="SendEmail function started"
time="2024-08-28T21:50:02+05:00" level=info msg="Sending email to:xadichamahkamovaa@gmail.com"
time="2024-08-28T21:50:07+05:00" level=info msg="Email sent successfully to:xadichamahkamovaa@gmail.com"
time="2024-08-28T21:51:16+05:00" level=info msg="SendEmail function started"
time="2024-08-28T21:51:16+05:00" level=info msg="Sending email to:xadichamahkamovaa@gmail.com"
time="2024-08-28T21:51:18+05:00" level=info msg="Email sent successfully to:xadichamahkamovaa@gmail.com"
time="2024-08-28T22:05:22+05:00" level=info msg="SendEmail function started"
time="2024-08-28T22:05:22+05:00" level=info msg="Sending email to:xadichamahkamovaa@gmail.com"
time="2024-08-28T22:05:24+05:00" level=info msg="Email sent successfully to:xadichamahkamovaa@gmail.com"
time="2024-08-28T22:06:16+05:00" level=info msg="SendEmail function started"
time="2024-08-28T22:06:16+05:00" level=info msg="Sending email to:xadichamahkamovaa@gmail.com"
time="2024-08-28T22:06:17+05:00" level=info msg="Email sent successfully to:xadichamahkamovaa@gmail.com"
time="2024-08-28T22:07:10+05:00" level=info msg="SendEmail function started"
time="2024-08-28T22:07:10+05:00" level=info msg="Sending email to:xadichamahkamovaa@gmail.com"
time="2024-08-28T22:07:12+05:00" level=info msg="Email sent successfully to:xadichamahkamovaa@gmail.com"
time="2024-08-28T22:08:29+05:00" level=info msg="SendEmail function started"
time="2024-08-28T22:08:29+05:00" level=info msg="Sending email to:xadichamahkamovaa@gmail.com"
time="2024-08-28T22:08:31+05:00" level=info msg="Email sent successfully to:xadichamahkamovaa@gmail.com"
time="2024-08-28T22:11:16+05:00" level=info msg="SendEmail function started"
time="2024-08-28T22:11:16+05:00" level=info msg="Sending email to:xadichamahkamovaa@gmail.com"
time="2024-08-28T22:11:18+05:00" level=info msg="Email sent successfully to:xadichamahkamovaa@gmail.com"
time="2024-08-28T22:19:04+05:00" level=info msg="SendEmail function started"
time="2024-08-28T22:19:04+05:00" level=info msg="Sending email to:xadichamahkamovaa@gmail.com"
time="2024-08-28T22:19:11+05:00" level=info msg="Email sent successfully to:xadichamahkamovaa@gmail.com"
time="2024-08-28T22:19:41+05:00" level=info msg="SendEmail function started"
time="2024-08-28T22:19:41+05:00" level=info msg="Sending email to:xadichamahkamovaa@gmail.com"
time="2024-08-28T22:19:43+05:00" level=info msg="Email sent successfully to:xadichamahkamovaa@gmail.com"
time="2024-08-28T22:21:44+05:00" level=info msg="SendEmail function started"
time="2024-08-28T22:21:44+05:00" level=info msg="Sending email to:xadichamahkamovaa@gmail.com"
time="2024-08-28T22:21:46+05:00" level=info msg="Email sent successfully to:xadichamahkamovaa@gmail.com"
time="2024-08-28T22:22:21+05:00" level=info msg="SendEmail function started"
time="2024-08-28T22:22:21+05:00" level=info msg="Sending email to:xadichamahkamovaa@gmail.com"
time="2024-08-28T22:22:22+05:00" level=info msg="Email sent successfully to:xadichamahkamovaa@gmail.com"
time="2024-08-28T22:25:37+05:00" level=info msg="SendEmail function started"
time="2024-08-28T22:25:37+05:00" level=info msg="Sending email to:xadichamahkamovaa@gmail.com"
time="2024-08-28T22:25:39+05:00" level=info msg="Email sent successfully to:xadichamahkamovaa@gmail.com"
time="2024-08-28T22:30:06+05:00" level=info msg="SendEmail function started"
time="2024-08-28T22:30:06+05:00" level=info msg="Sending email to:xadichamahkamovaa@gmail.com"
time="2024-08-28T22:30:08+05:00" level=info msg="Email sent successfully to:xadichamahkamovaa@gmail.com"
time="2024-08-28T22:30:23+05:00" level=info msg="SendEmail function started"
time="2024-08-28T22:30:23+05:00" level=info msg="Sending email to:xadichamahkamovaa@gmail.com"
time="2024-08-28T22:30:24+05:00" level=info msg="Email sent successfully to:xadichamahkamovaa@gmail.com"
time="2024-08-28T22:36:45+05:00" level=info msg="Received signal: interrupt"
time="2024-08-28T22:36:45+05:00" level=info msg="Initiating graceful shutdown..."
time="2024-08-28T22:36:50+05:00" level=info msg="Graceful shutdown complete."
time="2024-08-29T04:43:55+05:00" level=info msg="Configuration loaded successfully"
time="2024-08-29T04:43:55+05:00" level=info msg="Starting gRPC Notification Service..."
time="2024-08-29T04:43:55+05:00" level=info msg="Notification-service listening on :8004"
time="2024-08-29T04:47:17+05:00" level=info msg="SendEmail function started"
time="2024-08-29T04:47:17+05:00" level=info msg="Sending email to:xadichamahkamovaa@gmail.com"
time="2024-08-29T04:47:24+05:00" level=info msg="Email sent successfully to:xadichamahkamovaa@gmail.com"
time="2024-08-29T04:50:44+05:00" level=info msg="SendEmail function started"
time="2024-08-29T04:50:44+05:00" level=info msg="Sending email to:xadichamahkamovaa@gmail.com"
time="2024-08-29T04:50:46+05:00" level=info msg="Email sent successfully to:xadichamahkamovaa@gmail.com"
time="2024-08-29T04:53:48+05:00" level=info msg="SendEmail function started"
time="2024-08-29T04:53:48+05:00" level=info msg="Sending email to:xadichamahkamovaa@gmail.com"
time="2024-08-29T04:53:50+05:00" level=info msg="Email sent successfully to:xadichamahkamovaa@gmail.com"
time="2024-08-29T04:55:50+05:00" level=info msg="SendEmail function started"
time="2024-08-29T04:55:50+05:00" level=info msg="Sending email to:xadichamahkamovaa@gmail.com"
time="2024-08-29T04:55:51+05:00" level=info msg="Email sent successfully to:xadichamahkamovaa@gmail.com"
