time="2024-08-27T08:27:11+05:00" level=info msg="Configuration loaded successfully"
time="2024-08-27T08:27:11+05:00" level=info msg="Connected to User Service"
time="2024-08-27T08:27:11+05:00" level=info msg="Connected to Hotel Service"
time="2024-08-27T08:27:11+05:00" level=info msg="Connected to Booking Service"
time="2024-08-27T08:27:11+05:00" level=info msg="Service clients initialized"
time="2024-08-27T08:27:11+05:00" level=info msg="Starting API Gateway on address::9000"
time="2024-08-27T08:27:11+05:00" level=info msg="Starting API Gateway on: :9000"
time="2024-08-27T08:27:14+05:00" level=info msg="Received signal:interrupt"
time="2024-08-27T08:27:14+05:00" level=info msg="Graceful shutdown complete."
time="2024-08-27T08:36:51+05:00" level=info msg="Configuration loaded successfully"
time="2024-08-27T08:36:51+05:00" level=info msg="Connected to User Service"
time="2024-08-27T08:36:51+05:00" level=info msg="Connected to Hotel Service"
time="2024-08-27T08:36:51+05:00" level=info msg="Connected to Booking Service"
time="2024-08-27T08:36:51+05:00" level=info msg="Service clients initialized"
time="2024-08-27T08:36:51+05:00" level=info msg="Starting API Gateway on address::9000"
time="2024-08-27T08:36:51+05:00" level=info msg="Starting API Gateway on: :9000"
time="2024-08-27T08:37:24+05:00" level=info msg="Received signal:interrupt"
time="2024-08-27T08:37:24+05:00" level=info msg="Graceful shutdown complete."
time="2024-08-27T08:38:17+05:00" level=info msg="Configuration loaded successfully"
time="2024-08-27T08:38:17+05:00" level=info msg="Connected to User Service"
time="2024-08-27T08:38:17+05:00" level=info msg="Connected to Hotel Service"
time="2024-08-27T08:38:17+05:00" level=info msg="Connected to Booking Service"
time="2024-08-27T08:38:17+05:00" level=info msg="Service clients initialized"
time="2024-08-27T08:38:17+05:00" level=info msg="Starting API Gateway on address::9000"
time="2024-08-27T08:38:17+05:00" level=info msg="Starting API Gateway on: :9000"
time="2024-08-27T08:39:52+05:00" level=info msg="Configuration loaded successfully"
time="2024-08-27T08:39:52+05:00" level=info msg="Connected to User Service"
time="2024-08-27T08:39:52+05:00" level=info msg="Connected to Hotel Service"
time="2024-08-27T08:39:52+05:00" level=info msg="Connected to Booking Service"
time="2024-08-27T08:39:52+05:00" level=info msg="Service clients initialized"
time="2024-08-27T08:39:52+05:00" level=info msg="Starting API Gateway on address::9000"
time="2024-08-27T08:39:52+05:00" level=info msg="Starting API Gateway on: :9000"
time="2024-08-27T08:45:39+05:00" level=info msg="Received signal:interrupt"
time="2024-08-27T08:45:39+05:00" level=info msg="Graceful shutdown complete."
time="2024-08-27T08:48:15+05:00" level=info msg="Configuration loaded successfully"
time="2024-08-27T08:48:15+05:00" level=info msg="Connected to User Service"
time="2024-08-27T08:48:15+05:00" level=info msg="Connected to Hotel Service"
time="2024-08-27T08:48:15+05:00" level=info msg="Connected to Booking Service"
time="2024-08-27T08:48:15+05:00" level=info msg="Service clients initialized"
time="2024-08-27T08:48:15+05:00" level=info msg="Starting API Gateway on address::9000"
time="2024-08-27T08:48:15+05:00" level=info msg="Starting API Gateway on: :9000"
time="2024-08-27T08:54:30+05:00" level=info msg="Configuration loaded successfully"
time="2024-08-27T08:54:30+05:00" level=info msg="Connected to User Service"
time="2024-08-27T08:54:30+05:00" level=info msg="Connected to Hotel Service"
time="2024-08-27T08:54:30+05:00" level=info msg="Connected to Booking Service"
time="2024-08-27T08:54:30+05:00" level=info msg="Service clients initialized"
time="2024-08-27T08:54:30+05:00" level=info msg="Starting API Gateway on address::9000"
time="2024-08-27T08:54:30+05:00" level=info msg="Starting API Gateway on: :9000"
time="2024-08-27T08:56:35+05:00" level=info msg="Received signal:interrupt"
time="2024-08-27T08:56:35+05:00" level=info msg="Graceful shutdown complete."
time="2024-08-27T08:56:58+05:00" level=info msg="Configuration loaded successfully"
time="2024-08-27T08:56:58+05:00" level=info msg="Connected to User Service"
time="2024-08-27T08:56:58+05:00" level=info msg="Connected to Hotel Service"
time="2024-08-27T08:56:58+05:00" level=info msg="Connected to Booking Service"
time="2024-08-27T08:56:58+05:00" level=info msg="Service clients initialized"
time="2024-08-27T08:56:58+05:00" level=info msg="Starting API Gateway on address::9000"
time="2024-08-27T08:56:58+05:00" level=info msg="Starting API Gateway on: :9000"
time="2024-08-27T08:57:49+05:00" level=info msg="Received signal:interrupt"
time="2024-08-27T08:57:49+05:00" level=info msg="Graceful shutdown complete."
time="2024-08-27T09:01:50+05:00" level=info msg="Configuration loaded successfully"
time="2024-08-27T09:01:50+05:00" level=info msg="Connected to User Service"
time="2024-08-27T09:01:50+05:00" level=info msg="Connected to Hotel Service"
time="2024-08-27T09:01:50+05:00" level=info msg="Connected to Booking Service"
time="2024-08-27T09:01:50+05:00" level=info msg="Service clients initialized"
time="2024-08-27T09:01:50+05:00" level=info msg="Starting API Gateway on address::9000"
time="2024-08-27T09:01:50+05:00" level=info msg="Starting API Gateway on: :9000"
time="2024-08-27T09:04:52+05:00" level=info msg="Received signal:interrupt"
time="2024-08-27T09:04:52+05:00" level=info msg="Graceful shutdown complete."
time="2024-08-27T09:05:01+05:00" level=info msg="Configuration loaded successfully"
time="2024-08-27T09:05:01+05:00" level=info msg="Connected to User Service"
time="2024-08-27T09:05:01+05:00" level=info msg="Connected to Hotel Service"
time="2024-08-27T09:05:01+05:00" level=info msg="Connected to Booking Service"
time="2024-08-27T09:05:01+05:00" level=info msg="Service clients initialized"
time="2024-08-27T09:05:01+05:00" level=info msg="Starting API Gateway on address::9000"
time="2024-08-27T09:05:01+05:00" level=info msg="Starting API Gateway on: :9000"
time="2024-08-27T09:07:36+05:00" level=info msg="Received signal:interrupt"
time="2024-08-27T09:07:36+05:00" level=info msg="Graceful shutdown complete."
time="2024-08-27T09:07:37+05:00" level=info msg="Configuration loaded successfully"
time="2024-08-27T09:07:37+05:00" level=info msg="Connected to User Service"
time="2024-08-27T09:07:37+05:00" level=info msg="Connected to Hotel Service"
time="2024-08-27T09:07:37+05:00" level=info msg="Connected to Booking Service"
time="2024-08-27T09:07:37+05:00" level=info msg="Service clients initialized"
time="2024-08-27T09:07:37+05:00" level=info msg="Starting API Gateway on address::9000"
time="2024-08-27T09:07:37+05:00" level=info msg="Starting API Gateway on: :9000"
time="2024-08-27T09:12:25+05:00" level=info msg="Received signal:interrupt"
time="2024-08-27T09:12:25+05:00" level=info msg="Graceful shutdown complete."
time="2024-08-27T09:12:27+05:00" level=info msg="Configuration loaded successfully"
time="2024-08-27T09:12:27+05:00" level=info msg="Connected to User Service"
time="2024-08-27T09:12:27+05:00" level=info msg="Connected to Hotel Service"
time="2024-08-27T09:12:27+05:00" level=info msg="Connected to Booking Service"
time="2024-08-27T09:12:27+05:00" level=info msg="Service clients initialized"
time="2024-08-27T09:12:27+05:00" level=info msg="Starting API Gateway on address::9000"
time="2024-08-27T09:12:27+05:00" level=info msg="Starting API Gateway on: :9000"
time="2024-08-27T09:12:58+05:00" level=info msg="User registered successfully"
time="2024-08-27T09:13:10+05:00" level=info msg="Received signal:interrupt"
time="2024-08-27T09:13:10+05:00" level=info msg="Graceful shutdown complete."
time="2024-08-27T09:15:13+05:00" level=info msg="Configuration loaded successfully"
time="2024-08-27T09:15:13+05:00" level=info msg="Connected to User Service"
time="2024-08-27T09:15:13+05:00" level=info msg="Connected to Hotel Service"
time="2024-08-27T09:15:13+05:00" level=info msg="Connected to Booking Service"
time="2024-08-27T09:15:13+05:00" level=info msg="Service clients initialized"
time="2024-08-27T09:15:13+05:00" level=info msg="Starting API Gateway on address::9000"
time="2024-08-27T09:15:13+05:00" level=info msg="Starting API Gateway on: :9000"
time="2024-08-27T09:15:15+05:00" level=info msg="User registered successfully"
time="2024-08-27T09:15:39+05:00" level=info msg="User logged in successfully"
time="2024-08-27T09:23:52+05:00" level=info msg="Received signal:interrupt"
time="2024-08-27T09:23:52+05:00" level=info msg="Graceful shutdown complete."
time="2024-08-27T09:23:55+05:00" level=info msg="Configuration loaded successfully"
time="2024-08-27T09:23:55+05:00" level=info msg="Connected to User Service"
time="2024-08-27T09:23:55+05:00" level=info msg="Connected to Hotel Service"
time="2024-08-27T09:23:55+05:00" level=info msg="Connected to Booking Service"
time="2024-08-27T09:23:55+05:00" level=info msg="Service clients initialized"
time="2024-08-27T09:23:55+05:00" level=info msg="Starting API Gateway on address::9000"
time="2024-08-27T09:23:55+05:00" level=info msg="Starting API Gateway on: :9000"
time="2024-08-27T09:26:49+05:00" level=info msg="Received signal:interrupt"
time="2024-08-27T09:26:49+05:00" level=info msg="Graceful shutdown complete."
time="2024-08-27T09:26:51+05:00" level=info msg="Configuration loaded successfully"
time="2024-08-27T09:26:51+05:00" level=info msg="Connected to User Service"
time="2024-08-27T09:26:51+05:00" level=info msg="Connected to Hotel Service"
time="2024-08-27T09:26:51+05:00" level=info msg="Connected to Booking Service"
time="2024-08-27T09:26:51+05:00" level=info msg="Service clients initialized"
time="2024-08-27T09:26:51+05:00" level=info msg="Starting API Gateway on address::9000"
time="2024-08-27T09:26:51+05:00" level=info msg="Starting API Gateway on: :9000"
time="2024-08-27T09:27:00+05:00" level=error msg="Error binding request: EOF"
time="2024-08-27T09:27:11+05:00" level=error msg="Error binding request: EOF"
time="2024-08-27T09:27:30+05:00" level=info msg="Received signal:interrupt"
time="2024-08-27T09:27:30+05:00" level=info msg="Graceful shutdown complete."
time="2024-08-27T09:29:11+05:00" level=info msg="Configuration loaded successfully"
time="2024-08-27T09:29:11+05:00" level=info msg="Connected to User Service"
time="2024-08-27T09:29:11+05:00" level=info msg="Connected to Hotel Service"
time="2024-08-27T09:29:11+05:00" level=info msg="Connected to Booking Service"
time="2024-08-27T09:29:11+05:00" level=info msg="Service clients initialized"
time="2024-08-27T09:29:11+05:00" level=info msg="Starting API Gateway on address::9000"
time="2024-08-27T09:29:11+05:00" level=info msg="Starting API Gateway on: :9000"
time="2024-08-27T09:31:07+05:00" level=info msg="Successfully retrieved list of hotels"
time="2024-08-27T09:38:09+05:00" level=info msg="Configuration loaded successfully"
time="2024-08-27T09:38:09+05:00" level=info msg="Connected to User Service"
time="2024-08-27T09:38:09+05:00" level=info msg="Connected to Hotel Service"
time="2024-08-27T09:38:09+05:00" level=info msg="Connected to Booking Service"
time="2024-08-27T09:38:09+05:00" level=info msg="Service clients initialized"
time="2024-08-27T09:38:09+05:00" level=info msg="Starting API Gateway on address::9000"
time="2024-08-27T09:38:09+05:00" level=info msg="Starting API Gateway on: :9000"
time="2024-08-27T09:44:25+05:00" level=info msg="Received signal:interrupt"
time="2024-08-27T09:44:25+05:00" level=info msg="Graceful shutdown complete."
time="2024-08-27T09:47:44+05:00" level=info msg="Configuration loaded successfully"
time="2024-08-27T09:47:44+05:00" level=info msg="Connected to User Service"
time="2024-08-27T09:47:44+05:00" level=info msg="Connected to Hotel Service"
time="2024-08-27T09:47:44+05:00" level=info msg="Connected to Booking Service"
time="2024-08-27T09:47:44+05:00" level=info msg="Service clients initialized"
time="2024-08-27T09:47:44+05:00" level=info msg="Starting API Gateway on address::9000"
time="2024-08-27T09:47:44+05:00" level=info msg="Starting API Gateway on: :9000"
time="2024-08-27T09:48:43+05:00" level=info msg="User registered successfully"
time="2024-08-27T09:49:00+05:00" level=error msg="Error logging in user: rpc error: code = Unknown desc = sql: no rows in result set"
time="2024-08-27T09:49:21+05:00" level=info msg="User logged in successfully"
time="2024-08-27T09:51:55+05:00" level=info msg="Received signal:interrupt"
time="2024-08-27T09:51:55+05:00" level=info msg="Graceful shutdown complete."
time="2024-08-27T10:13:39+05:00" level=info msg="Configuration loaded successfully"
time="2024-08-27T10:13:39+05:00" level=info msg="Connected to User Service"
time="2024-08-27T10:13:39+05:00" level=info msg="Connected to Hotel Service"
time="2024-08-27T10:13:39+05:00" level=info msg="Connected to Booking Service"
time="2024-08-27T10:13:39+05:00" level=info msg="Service clients initialized"
time="2024-08-27T10:13:39+05:00" level=info msg="Starting API Gateway on address::9000"
time="2024-08-27T10:13:39+05:00" level=info msg="Starting API Gateway on: :9000"
time="2024-08-27T10:14:08+05:00" level=error msg="Error registering user: rpc error: code = Unavailable desc = connection error: desc = \"transport: Error while dialing: dial tcp 127.0.0.1:8001: connect: connection refused\""
time="2024-08-27T10:14:08+05:00" level=info msg="User registered successfully"
time="2024-08-27T10:14:41+05:00" level=info msg="User registered successfully"
time="2024-08-27T10:15:01+05:00" level=info msg="User logged in successfully"
time="2024-08-27T10:15:31+05:00" level=info msg="Successfully retrieved list of hotels"
time="2024-08-27T10:15:57+05:00" level=info msg="Successfully retrieved details of hotel (ID: c14a3767-3bab-4a65-8c7f-dd0f9e215fa2)"
time="2024-08-27T10:16:10+05:00" level=info msg="Successfully retrieved room availability for hotel (ID: c14a3767-3bab-4a65-8c7f-dd0f9e215fa2)"
time="2024-08-27T10:16:57+05:00" level=info msg="Creating booking for user:48af2234-ded0-4aa6-b30d-64d2686e14d3"
time="2024-08-27T10:16:57+05:00" level=error msg="Failed to create booking: rpc error: code = Unknown desc = pq: column \"id\" does not exist"
time="2024-08-27T10:16:57+05:00" level=info msg="Booking created successfully for user:48af2234-ded0-4aa6-b30d-64d2686e14d3"
time="2024-08-27T10:17:48+05:00" level=info msg="Creating booking for user:11329ee9-8ca0-4adf-9c3c-5e6e38111c69"
time="2024-08-27T10:17:48+05:00" level=error msg="Failed to create booking: rpc error: code = Unknown desc = pq: column \"id\" does not exist"
time="2024-08-27T10:17:48+05:00" level=info msg="Booking created successfully for user:11329ee9-8ca0-4adf-9c3c-5e6e38111c69"
time="2024-08-27T10:19:31+05:00" level=info msg="Creating booking for user:11329ee9-8ca0-4adf-9c3c-5e6e38111c69"
time="2024-08-27T10:19:31+05:00" level=error msg="Failed to create booking: rpc error: code = Unknown desc = pq: invalid input syntax for type uuid: \"Deluxe\""
time="2024-08-27T10:19:31+05:00" level=info msg="Booking created successfully for user:11329ee9-8ca0-4adf-9c3c-5e6e38111c69"
time="2024-08-27T10:23:00+05:00" level=info msg="Creating booking for user:11329ee9-8ca0-4adf-9c3c-5e6e38111c69"
time="2024-08-27T10:23:00+05:00" level=error msg="Failed to create booking: rpc error: code = Unknown desc = pq: invalid input syntax for type uuid: \"Deluxe\""
time="2024-08-27T10:23:00+05:00" level=info msg="Booking created successfully for user:11329ee9-8ca0-4adf-9c3c-5e6e38111c69"
time="2024-08-27T10:26:55+05:00" level=info msg="User logged in successfully"
time="2024-08-27T10:28:35+05:00" level=info msg="Creating booking for user:11329ee9-8ca0-4adf-9c3c-5e6e38111c69"
time="2024-08-27T10:28:35+05:00" level=info msg="Booking created successfully for user:11329ee9-8ca0-4adf-9c3c-5e6e38111c69"
time="2024-08-27T10:28:53+05:00" level=info msg="Fetching booking details for booking ID:4ea100d7-ec09-4656-979f-e5ae1610f2e1"
time="2024-08-27T10:28:53+05:00" level=info msg="Successfully fetched booking details for booking ID:4ea100d7-ec09-4656-979f-e5ae1610f2e1"
time="2024-08-27T10:30:04+05:00" level=info msg="Successfully updated booking with booking ID:4ea100d7-ec09-4656-979f-e5ae1610f2e1"
time="2024-08-27T10:30:56+05:00" level=info msg="Cancelling booking with booking ID:4ea100d7-ec09-4656-979f-e5ae1610f2e1"
time="2024-08-27T10:30:56+05:00" level=error msg="Failed to cancel booking with booking ID 4ea100d7-ec09-4656-979f-e5ae1610f2e1: rpc error: code = Unknown desc = pq: column \"cancelled\" does not exist"
time="2024-08-27T10:30:56+05:00" level=info msg="Successfully cancelled booking with booking ID:4ea100d7-ec09-4656-979f-e5ae1610f2e1"
time="2024-08-27T10:32:28+05:00" level=info msg="Cancelling booking with booking ID:4ea100d7-ec09-4656-979f-e5ae1610f2e1"
time="2024-08-27T10:32:28+05:00" level=error msg="Failed to cancel booking with booking ID 4ea100d7-ec09-4656-979f-e5ae1610f2e1: rpc error: code = Unknown desc = pq: column \"cancelled\" does not exist"
time="2024-08-27T10:32:28+05:00" level=info msg="Successfully cancelled booking with booking ID:4ea100d7-ec09-4656-979f-e5ae1610f2e1"
time="2024-08-27T10:34:33+05:00" level=info msg="Cancelling booking with booking ID:4ea100d7-ec09-4656-979f-e5ae1610f2e1"
time="2024-08-27T10:34:33+05:00" level=error msg="Failed to cancel booking with booking ID 4ea100d7-ec09-4656-979f-e5ae1610f2e1: rpc error: code = Unknown desc = pq: column \"cancelled\" does not exist"
time="2024-08-27T10:34:33+05:00" level=info msg="Successfully cancelled booking with booking ID:4ea100d7-ec09-4656-979f-e5ae1610f2e1"
time="2024-08-27T10:37:48+05:00" level=info msg="Cancelling booking with booking ID:4ea100d7-ec09-4656-979f-e5ae1610f2e1"
time="2024-08-27T10:37:48+05:00" level=error msg="Failed to cancel booking with booking ID 4ea100d7-ec09-4656-979f-e5ae1610f2e1: rpc error: code = Unknown desc = pq: column \"CANCELLED\" does not exist"
time="2024-08-27T10:37:48+05:00" level=info msg="Successfully cancelled booking with booking ID:4ea100d7-ec09-4656-979f-e5ae1610f2e1"
time="2024-08-27T10:38:47+05:00" level=info msg="Cancelling booking with booking ID:4ea100d7-ec09-4656-979f-e5ae1610f2e1"
time="2024-08-27T10:38:47+05:00" level=info msg="Successfully cancelled booking with booking ID:4ea100d7-ec09-4656-979f-e5ae1610f2e1"
time="2024-08-27T10:38:54+05:00" level=info msg="Fetching booking details for booking ID:4ea100d7-ec09-4656-979f-e5ae1610f2e1"
time="2024-08-27T10:38:54+05:00" level=info msg="Successfully fetched booking details for booking ID:4ea100d7-ec09-4656-979f-e5ae1610f2e1"
time="2024-08-27T10:39:13+05:00" level=info msg="Listing bookings for user ID:11329ee9-8ca0-4adf-9c3c-5e6e38111c69"
time="2024-08-27T10:39:13+05:00" level=error msg="Failed to list bookings for user ID 11329ee9-8ca0-4adf-9c3c-5e6e38111c69: rpc error: code = Unknown desc = pq: column \"hotel_id\" does not exist"
time="2024-08-27T10:39:13+05:00" level=info msg="Successfully listed bookings for user ID:11329ee9-8ca0-4adf-9c3c-5e6e38111c69"
time="2024-08-27T10:40:02+05:00" level=info msg="Listing bookings for user ID:11329ee9-8ca0-4adf-9c3c-5e6e38111c69"
time="2024-08-27T10:40:02+05:00" level=error msg="Failed to list bookings for user ID 11329ee9-8ca0-4adf-9c3c-5e6e38111c69: rpc error: code = Unknown desc = pq: column \"booking_id\" does not exist"
time="2024-08-27T10:40:02+05:00" level=info msg="Successfully listed bookings for user ID:11329ee9-8ca0-4adf-9c3c-5e6e38111c69"
time="2024-08-27T10:40:33+05:00" level=info msg="Listing bookings for user ID:11329ee9-8ca0-4adf-9c3c-5e6e38111c69"
time="2024-08-27T10:40:33+05:00" level=error msg="Failed to list bookings for user ID 11329ee9-8ca0-4adf-9c3c-5e6e38111c69: rpc error: code = Unknown desc = sql: expected 7 destination arguments in Scan, not 6"
time="2024-08-27T10:40:33+05:00" level=info msg="Successfully listed bookings for user ID:11329ee9-8ca0-4adf-9c3c-5e6e38111c69"
time="2024-08-27T10:41:10+05:00" level=info msg="Listing bookings for user ID:11329ee9-8ca0-4adf-9c3c-5e6e38111c69"
time="2024-08-27T10:41:10+05:00" level=info msg="Successfully listed bookings for user ID:11329ee9-8ca0-4adf-9c3c-5e6e38111c69"
time="2024-08-27T10:41:21+05:00" level=info msg="Received signal:interrupt"
time="2024-08-27T10:41:21+05:00" level=info msg="Graceful shutdown complete."
time="2024-08-28T15:28:54+05:00" level=info msg="Configuration loaded successfully"
time="2024-08-28T15:28:54+05:00" level=info msg="Connected to User Service"
time="2024-08-28T15:28:54+05:00" level=info msg="Connected to Hotel Service"
time="2024-08-28T15:28:54+05:00" level=info msg="Connected to Booking Service"
time="2024-08-28T15:28:54+05:00" level=info msg="Connected to Notification Service"
time="2024-08-28T15:28:54+05:00" level=info msg="Service clients initialized"
time="2024-08-28T15:28:54+05:00" level=info msg="Starting API Gateway on address::9000"
time="2024-08-28T15:28:54+05:00" level=info msg="Starting API Gateway on: :9000"
time="2024-08-28T15:29:39+05:00" level=info msg="Received signal:interrupt"
time="2024-08-28T15:29:39+05:00" level=info msg="Graceful shutdown complete."
time="2024-08-28T15:33:45+05:00" level=info msg="Configuration loaded successfully"
time="2024-08-28T15:33:45+05:00" level=info msg="Connected to User Service"
time="2024-08-28T15:33:45+05:00" level=info msg="Connected to Hotel Service"
time="2024-08-28T15:33:45+05:00" level=info msg="Connected to Booking Service"
time="2024-08-28T15:33:45+05:00" level=info msg="Connected to Notification Service"
time="2024-08-28T15:33:45+05:00" level=info msg="Service clients initialized"
time="2024-08-28T15:33:45+05:00" level=info msg="Starting API Gateway on address::9000"
time="2024-08-28T15:33:45+05:00" level=info msg="Starting API Gateway on: :9000"
time="2024-08-28T15:34:07+05:00" level=info msg="User logged in successfully"
time="2024-08-28T15:36:00+05:00" level=info msg="Received signal:interrupt"
time="2024-08-28T15:36:00+05:00" level=info msg="Graceful shutdown complete."
time="2024-08-28T15:36:41+05:00" level=info msg="Configuration loaded successfully"
time="2024-08-28T15:36:41+05:00" level=info msg="Connected to User Service"
time="2024-08-28T15:36:41+05:00" level=info msg="Connected to Hotel Service"
time="2024-08-28T15:36:41+05:00" level=info msg="Connected to Booking Service"
time="2024-08-28T15:36:41+05:00" level=info msg="Connected to Notification Service"
time="2024-08-28T15:36:41+05:00" level=info msg="Service clients initialized"
time="2024-08-28T15:36:41+05:00" level=info msg="Starting API Gateway on address::9000"
time="2024-08-28T15:36:41+05:00" level=info msg="Starting API Gateway on: :9000"
time="2024-08-28T15:36:58+05:00" level=info msg="Received signal:interrupt"
time="2024-08-28T15:36:58+05:00" level=info msg="Graceful shutdown complete."
time="2024-08-28T15:37:19+05:00" level=info msg="Configuration loaded successfully"
time="2024-08-28T15:37:19+05:00" level=info msg="Connected to User Service"
time="2024-08-28T15:37:19+05:00" level=info msg="Connected to Hotel Service"
time="2024-08-28T15:37:19+05:00" level=info msg="Connected to Booking Service"
time="2024-08-28T15:37:19+05:00" level=info msg="Connected to Notification Service"
time="2024-08-28T15:37:19+05:00" level=info msg="Service clients initialized"
time="2024-08-28T15:37:19+05:00" level=info msg="Starting API Gateway on address::9000"
time="2024-08-28T15:37:19+05:00" level=info msg="Starting API Gateway on: :9000"
time="2024-08-28T15:37:35+05:00" level=info msg="User logged in successfully"
time="2024-08-28T15:38:27+05:00" level=info msg="Received signal:interrupt"
time="2024-08-28T15:38:27+05:00" level=info msg="Graceful shutdown complete."
time="2024-08-28T15:39:08+05:00" level=info msg="Configuration loaded successfully"
time="2024-08-28T15:39:08+05:00" level=info msg="Connected to User Service"
time="2024-08-28T15:39:08+05:00" level=info msg="Connected to Hotel Service"
time="2024-08-28T15:39:08+05:00" level=info msg="Connected to Booking Service"
time="2024-08-28T15:39:08+05:00" level=info msg="Connected to Notification Service"
time="2024-08-28T15:39:08+05:00" level=info msg="Service clients initialized"
time="2024-08-28T15:39:08+05:00" level=info msg="Starting API Gateway on address::9000"
time="2024-08-28T15:39:08+05:00" level=info msg="Starting API Gateway on: :9000"
time="2024-08-28T15:39:35+05:00" level=info msg="User logged in successfully"
time="2024-08-28T15:40:11+05:00" level=info msg="Successfully retrieved list of hotels"
time="2024-08-28T15:41:59+05:00" level=info msg="Creating booking for user:11329ee9-8ca0-4adf-9c3c-5e6e38111c69"
time="2024-08-28T15:41:59+05:00" level=info msg="Booking created successfully for user:11329ee9-8ca0-4adf-9c3c-5e6e38111c69"
time="2024-08-28T15:42:00+05:00" level=error msg="Failed to send email: rpc error: code = Unknown desc = 535 5.7.8 Username and Password not accepted. For more information, go to\n5.7.8  https://support.google.com/mail/?p=BadCredentials 2adb3069b0e04-5334ea29a87sm2143166e87.30 - gsmtp"
time="2024-08-28T15:44:30+05:00" level=info msg="Creating booking for user:11329ee9-8ca0-4adf-9c3c-5e6e38111c69"
time="2024-08-28T15:44:30+05:00" level=info msg="Booking created successfully for user:11329ee9-8ca0-4adf-9c3c-5e6e38111c69"
time="2024-08-28T15:44:31+05:00" level=error msg="Failed to send email: rpc error: code = Unknown desc = 535 5.7.8 Username and Password not accepted. For more information, go to\n5.7.8  https://support.google.com/mail/?p=BadCredentials 2adb3069b0e04-5334ea59557sm2121150e87.178 - gsmtp"
time="2024-08-28T15:50:46+05:00" level=info msg="Creating booking for user:11329ee9-8ca0-4adf-9c3c-5e6e38111c69"
time="2024-08-28T15:50:46+05:00" level=info msg="Booking created successfully for user:11329ee9-8ca0-4adf-9c3c-5e6e38111c69"
time="2024-08-28T15:50:48+05:00" level=error msg="Failed to send email: rpc error: code = Unknown desc = 535 5.7.8 Username and Password not accepted. For more information, go to\n5.7.8  https://support.google.com/mail/?p=BadCredentials 2adb3069b0e04-5334ea8a495sm2107198e87.300 - gsmtp"
time="2024-08-28T15:58:47+05:00" level=info msg="User registered successfully"
time="2024-08-28T15:59:08+05:00" level=info msg="User logged in successfully"
time="2024-08-28T15:59:37+05:00" level=info msg="Successfully retrieved list of hotels"
time="2024-08-28T16:00:08+05:00" level=info msg="Creating booking for user:18bb7c0c-43a2-4f1a-9203-79043e23931e"
time="2024-08-28T16:00:08+05:00" level=info msg="Booking created successfully for user:18bb7c0c-43a2-4f1a-9203-79043e23931e"
time="2024-08-28T16:00:09+05:00" level=error msg="Failed to send email: rpc error: code = Unknown desc = 535 5.7.8 Username and Password not accepted. For more information, go to\n5.7.8  https://support.google.com/mail/?p=BadCredentials 38308e7fff4ca-2f4048ae829sm18671541fa.139 - gsmtp"
time="2024-08-28T16:20:17+05:00" level=info msg="User registered successfully"
time="2024-08-28T16:20:24+05:00" level=info msg="User logged in successfully"
time="2024-08-28T16:20:56+05:00" level=info msg="User registered successfully"
time="2024-08-28T16:21:03+05:00" level=info msg="User logged in successfully"
time="2024-08-28T16:21:29+05:00" level=info msg="Successfully retrieved list of hotels"
time="2024-08-28T16:21:46+05:00" level=info msg="Received signal:interrupt"
time="2024-08-28T16:21:46+05:00" level=info msg="Graceful shutdown complete."
time="2024-08-28T16:21:56+05:00" level=info msg="Configuration loaded successfully"
time="2024-08-28T16:21:56+05:00" level=info msg="Connected to User Service"
time="2024-08-28T16:21:56+05:00" level=info msg="Connected to Hotel Service"
time="2024-08-28T16:21:56+05:00" level=info msg="Connected to Booking Service"
time="2024-08-28T16:21:56+05:00" level=info msg="Connected to Notification Service"
time="2024-08-28T16:21:56+05:00" level=info msg="Service clients initialized"
time="2024-08-28T16:21:56+05:00" level=info msg="Starting API Gateway on address::9000"
time="2024-08-28T16:21:56+05:00" level=info msg="Starting API Gateway on: :9000"
time="2024-08-28T16:22:02+05:00" level=info msg="Creating booking for user:18bb7c0c-43a2-4f1a-9203-79043e23931e"
time="2024-08-28T16:22:02+05:00" level=info msg="Booking created successfully for user:18bb7c0c-43a2-4f1a-9203-79043e23931e"
time="2024-08-28T16:22:02+05:00" level=error msg="Failed to send email: rpc error: code = Unavailable desc = connection error: desc = \"transport: Error while dialing: dial tcp 127.0.0.1:8004: connect: connection refused\""
time="2024-08-28T16:22:15+05:00" level=info msg="Creating booking for user:b04e2967-9293-4ebf-bba1-1b8572f5ccff"
time="2024-08-28T16:22:15+05:00" level=info msg="Booking created successfully for user:b04e2967-9293-4ebf-bba1-1b8572f5ccff"
time="2024-08-28T16:22:15+05:00" level=error msg="Failed to send email: rpc error: code = Unavailable desc = connection error: desc = \"transport: Error while dialing: dial tcp 127.0.0.1:8004: connect: connection refused\""
time="2024-08-28T16:22:29+05:00" level=info msg="Creating booking for user:b04e2967-9293-4ebf-bba1-1b8572f5ccff"
time="2024-08-28T16:22:29+05:00" level=info msg="Booking created successfully for user:b04e2967-9293-4ebf-bba1-1b8572f5ccff"
time="2024-08-28T16:22:31+05:00" level=error msg="Failed to send email: rpc error: code = Unknown desc = 535 5.7.8 Username and Password not accepted. For more information, go to\n5.7.8  https://support.google.com/mail/?p=BadCredentials 38308e7fff4ca-2f40484a5acsm18768821fa.87 - gsmtp"
time="2024-08-28T16:48:00+05:00" level=info msg="Creating booking for user:b04e2967-9293-4ebf-bba1-1b8572f5ccff"
time="2024-08-28T16:48:00+05:00" level=info msg="Booking created successfully for user:b04e2967-9293-4ebf-bba1-1b8572f5ccff"
time="2024-08-28T16:48:01+05:00" level=error msg="Failed to send email: rpc error: code = Unknown desc = 535 5.7.8 Username and Password not accepted. For more information, go to\n5.7.8  https://support.google.com/mail/?p=BadCredentials 2adb3069b0e04-5334ea5d907sm2171370e87.207 - gsmtp"
time="2024-08-28T16:56:50+05:00" level=info msg="User logged in successfully"
time="2024-08-28T16:57:11+05:00" level=info msg="Successfully retrieved list of hotels"
time="2024-08-28T16:58:17+05:00" level=info msg="Creating booking for user:b04e2967-9293-4ebf-bba1-1b8572f5ccff"
time="2024-08-28T16:58:17+05:00" level=info msg="Booking created successfully for user:b04e2967-9293-4ebf-bba1-1b8572f5ccff"
time="2024-08-28T16:58:18+05:00" level=error msg="Failed to send email: rpc error: code = Unknown desc = 535 5.7.8 Username and Password not accepted. For more information, go to\n5.7.8  https://support.google.com/mail/?p=BadCredentials 2adb3069b0e04-5334ea59441sm2113769e87.174 - gsmtp"
time="2024-08-28T17:07:16+05:00" level=info msg="Creating booking for user:b04e2967-9293-4ebf-bba1-1b8572f5ccff"
time="2024-08-28T17:07:16+05:00" level=info msg="Booking created successfully for user:b04e2967-9293-4ebf-bba1-1b8572f5ccff"
time="2024-08-28T18:40:05+05:00" level=info msg="Received signal:interrupt"
time="2024-08-28T18:40:05+05:00" level=info msg="Graceful shutdown complete."
time="2024-08-28T21:47:26+05:00" level=info msg="Configuration loaded successfully"
time="2024-08-28T21:47:26+05:00" level=info msg="Initializing Kafka producer with address:localhost:9092"
time="2024-08-28T21:47:26+05:00" level=info msg="Kafka client initialized successfully"
time="2024-08-28T21:47:26+05:00" level=info msg="Producer started succesfully"
time="2024-08-28T21:47:26+05:00" level=info msg="Connected to User Service"
time="2024-08-28T21:47:26+05:00" level=info msg="Connected to Hotel Service"
time="2024-08-28T21:47:26+05:00" level=info msg="Connected to Booking Service"
time="2024-08-28T21:47:26+05:00" level=info msg="Connected to Notification Service"
time="2024-08-28T21:47:26+05:00" level=info msg="Service clients initialized"
time="2024-08-28T21:47:26+05:00" level=info msg="Starting API Gateway on address::9000"
time="2024-08-28T21:47:26+05:00" level=info msg="Starting API Gateway on: :9000"
time="2024-08-28T21:47:48+05:00" level=info msg="User logged in successfully"
time="2024-08-28T21:48:15+05:00" level=info msg="Successfully retrieved list of hotels"
time="2024-08-28T21:49:57+05:00" level=info msg="Creating booking for user:b04e2967-9293-4ebf-bba1-1b8572f5ccff"
time="2024-08-28T21:50:02+05:00" level=info msg="Booking created successfully for user:b04e2967-9293-4ebf-bba1-1b8572f5ccff"
time="2024-08-28T21:50:02+05:00" level=info msg="Sending email to:xadichamahkamovaa@gmail.com"
time="2024-08-28T21:50:07+05:00" level=info msg="Email sent successfully to:xadichamahkamovaa@gmail.com"
time="2024-08-28T21:50:07+05:00" level=info msg="Producing message to topic:notificationswith key:key"
time="2024-08-28T21:50:07+05:00" level=info msg="Creating topic with partitions:notifications"
time="2024-08-28T21:50:07+05:00" level=fatal msg="Failed to create topic:unable to dial: dial tcp 127.0.0.1:9092: connect: connection refused"
time="2024-08-28T21:51:12+05:00" level=info msg="Configuration loaded successfully"
time="2024-08-28T21:51:12+05:00" level=info msg="Initializing Kafka producer with address:localhost:9092"
time="2024-08-28T21:51:12+05:00" level=info msg="Kafka client initialized successfully"
time="2024-08-28T21:51:12+05:00" level=info msg="Producer started succesfully"
time="2024-08-28T21:51:12+05:00" level=info msg="Connected to User Service"
time="2024-08-28T21:51:12+05:00" level=info msg="Connected to Hotel Service"
time="2024-08-28T21:51:12+05:00" level=info msg="Connected to Booking Service"
time="2024-08-28T21:51:12+05:00" level=info msg="Connected to Notification Service"
time="2024-08-28T21:51:12+05:00" level=info msg="Service clients initialized"
time="2024-08-28T21:51:12+05:00" level=info msg="Starting API Gateway on address::9000"
time="2024-08-28T21:51:12+05:00" level=info msg="Starting API Gateway on: :9000"
time="2024-08-28T21:51:16+05:00" level=info msg="Creating booking for user:b04e2967-9293-4ebf-bba1-1b8572f5ccff"
time="2024-08-28T21:51:16+05:00" level=info msg="Booking created successfully for user:b04e2967-9293-4ebf-bba1-1b8572f5ccff"
time="2024-08-28T21:51:16+05:00" level=info msg="Sending email to:xadichamahkamovaa@gmail.com"
time="2024-08-28T21:51:18+05:00" level=info msg="Email sent successfully to:xadichamahkamovaa@gmail.com"
time="2024-08-28T21:51:18+05:00" level=info msg="Producing message to topic:notificationswith key:key"
time="2024-08-28T21:51:18+05:00" level=info msg="Creating topic with partitions:notifications"
time="2024-08-28T21:51:23+05:00" level=info msg="Topic created successfully:notifications"
time="2024-08-28T21:51:23+05:00" level=info msg="Message produced successfully to topic:notifications"
time="2024-08-28T21:51:23+05:00" level=info msg="Message sent to WebSocket service"
time="2024-08-28T21:53:29+05:00" level=info msg="Received signal:interrupt"
time="2024-08-28T21:53:29+05:00" level=info msg="Graceful shutdown complete."
time="2024-08-28T21:53:29+05:00" level=info msg="Closing Kafka client"
time="2024-08-28T22:05:17+05:00" level=info msg="Configuration loaded successfully"
time="2024-08-28T22:05:17+05:00" level=info msg="Initializing Kafka producer with address:localhost:9092"
time="2024-08-28T22:05:17+05:00" level=info msg="Kafka client initialized successfully"
time="2024-08-28T22:05:17+05:00" level=info msg="Producer started succesfully"
time="2024-08-28T22:05:17+05:00" level=info msg="Connected to User Service"
time="2024-08-28T22:05:17+05:00" level=info msg="Connected to Hotel Service"
time="2024-08-28T22:05:17+05:00" level=info msg="Connected to Booking Service"
time="2024-08-28T22:05:17+05:00" level=info msg="Connected to Notification Service"
time="2024-08-28T22:05:17+05:00" level=info msg="Service clients initialized"
time="2024-08-28T22:05:17+05:00" level=info msg="Starting API Gateway on address::9000"
time="2024-08-28T22:05:17+05:00" level=info msg="Starting API Gateway on: :9000"
time="2024-08-28T22:05:22+05:00" level=info msg="Creating booking for user:b04e2967-9293-4ebf-bba1-1b8572f5ccff"
time="2024-08-28T22:05:22+05:00" level=info msg="Booking created successfully for user:b04e2967-9293-4ebf-bba1-1b8572f5ccff"
time="2024-08-28T22:05:22+05:00" level=info msg="Sending email to:xadichamahkamovaa@gmail.com"
time="2024-08-28T22:05:24+05:00" level=info msg="Email sent successfully to:xadichamahkamovaa@gmail.com"
time="2024-08-28T22:05:24+05:00" level=info msg="Producing message to topic:notificationswith key:key"
time="2024-08-28T22:05:24+05:00" level=info msg="Creating topic with partitions:notifications"
time="2024-08-28T22:05:24+05:00" level=fatal msg="Failed to create topic:TOPIC_ALREADY_EXISTS: Topic with this name already exists."
time="2024-08-28T22:06:13+05:00" level=info msg="Configuration loaded successfully"
time="2024-08-28T22:06:13+05:00" level=info msg="Initializing Kafka producer with address:localhost:9092"
time="2024-08-28T22:06:13+05:00" level=info msg="Kafka client initialized successfully"
time="2024-08-28T22:06:13+05:00" level=info msg="Producer started succesfully"
time="2024-08-28T22:06:13+05:00" level=info msg="Connected to User Service"
time="2024-08-28T22:06:13+05:00" level=info msg="Connected to Hotel Service"
time="2024-08-28T22:06:13+05:00" level=info msg="Connected to Booking Service"
time="2024-08-28T22:06:13+05:00" level=info msg="Connected to Notification Service"
time="2024-08-28T22:06:13+05:00" level=info msg="Service clients initialized"
time="2024-08-28T22:06:13+05:00" level=info msg="Starting API Gateway on address::9000"
time="2024-08-28T22:06:13+05:00" level=info msg="Starting API Gateway on: :9000"
time="2024-08-28T22:06:15+05:00" level=info msg="Creating booking for user:b04e2967-9293-4ebf-bba1-1b8572f5ccff"
time="2024-08-28T22:06:15+05:00" level=info msg="Booking created successfully for user:b04e2967-9293-4ebf-bba1-1b8572f5ccff"
time="2024-08-28T22:06:15+05:00" level=info msg="Sending email to:xadichamahkamovaa@gmail.com"
time="2024-08-28T22:06:17+05:00" level=info msg="Email sent successfully to:xadichamahkamovaa@gmail.com"
time="2024-08-28T22:06:17+05:00" level=info msg="Producing message to topic:notificationswith key:key"
time="2024-08-28T22:06:17+05:00" level=info msg="Message produced successfully to topic:notifications"
time="2024-08-28T22:06:17+05:00" level=info msg="Message sent to WebSocket service"
time="2024-08-28T22:06:17+05:00" level=error msg="Failed send message to WebSocket service:<nil>"
time="2024-08-28T22:07:10+05:00" level=info msg="Creating booking for user:b04e2967-9293-4ebf-bba1-1b8572f5ccff"
time="2024-08-28T22:07:10+05:00" level=info msg="Booking created successfully for user:b04e2967-9293-4ebf-bba1-1b8572f5ccff"
time="2024-08-28T22:07:10+05:00" level=info msg="Sending email to:xadichamahkamovaa@gmail.com"
time="2024-08-28T22:07:12+05:00" level=info msg="Email sent successfully to:xadichamahkamovaa@gmail.com"
time="2024-08-28T22:07:12+05:00" level=info msg="Producing message to topic:notificationswith key:key"
time="2024-08-28T22:07:12+05:00" level=info msg="Message produced successfully to topic:notifications"
time="2024-08-28T22:07:12+05:00" level=info msg="Message sent to WebSocket service"
time="2024-08-28T22:07:12+05:00" level=error msg="Failed send message to WebSocket service:<nil>"
time="2024-08-28T22:07:31+05:00" level=info msg="Received signal:interrupt"
time="2024-08-28T22:07:31+05:00" level=info msg="Graceful shutdown complete."
time="2024-08-28T22:07:31+05:00" level=info msg="Closing Kafka client"
time="2024-08-28T22:08:23+05:00" level=info msg="Configuration loaded successfully"
time="2024-08-28T22:08:23+05:00" level=info msg="Initializing Kafka producer with address:localhost:9092"
time="2024-08-28T22:08:23+05:00" level=info msg="Kafka client initialized successfully"
time="2024-08-28T22:08:23+05:00" level=info msg="Producer started succesfully"
time="2024-08-28T22:08:23+05:00" level=info msg="Connected to User Service"
time="2024-08-28T22:08:23+05:00" level=info msg="Connected to Hotel Service"
time="2024-08-28T22:08:23+05:00" level=info msg="Connected to Booking Service"
time="2024-08-28T22:08:23+05:00" level=info msg="Connected to Notification Service"
time="2024-08-28T22:08:23+05:00" level=info msg="Service clients initialized"
time="2024-08-28T22:08:23+05:00" level=info msg="Starting API Gateway on address::9000"
time="2024-08-28T22:08:23+05:00" level=info msg="Starting API Gateway on: :9000"
time="2024-08-28T22:08:29+05:00" level=info msg="Creating booking for user:b04e2967-9293-4ebf-bba1-1b8572f5ccff"
time="2024-08-28T22:08:29+05:00" level=info msg="Booking created successfully for user:b04e2967-9293-4ebf-bba1-1b8572f5ccff"
time="2024-08-28T22:08:29+05:00" level=info msg="Sending email to:xadichamahkamovaa@gmail.com"
time="2024-08-28T22:08:31+05:00" level=info msg="Email sent successfully to:xadichamahkamovaa@gmail.com"
time="2024-08-28T22:08:31+05:00" level=info msg="Producing message to topic:notificationswith key:key"
time="2024-08-28T22:08:31+05:00" level=info msg="Message produced successfully to topic:notifications"
time="2024-08-28T22:08:31+05:00" level=info msg="Message sent to WebSocket service"
time="2024-08-28T22:08:31+05:00" level=error msg="Failed send message to WebSocket service:<nil>"
time="2024-08-28T22:10:13+05:00" level=info msg="Received signal:interrupt"
time="2024-08-28T22:10:13+05:00" level=info msg="Graceful shutdown complete."
time="2024-08-28T22:10:13+05:00" level=info msg="Closing Kafka client"
time="2024-08-28T22:11:13+05:00" level=info msg="Configuration loaded successfully"
time="2024-08-28T22:11:13+05:00" level=info msg="Initializing Kafka producer with address:localhost:9092"
time="2024-08-28T22:11:13+05:00" level=info msg="Kafka client initialized successfully"
time="2024-08-28T22:11:13+05:00" level=info msg="Producer started succesfully"
time="2024-08-28T22:11:13+05:00" level=info msg="Connected to User Service"
time="2024-08-28T22:11:13+05:00" level=info msg="Connected to Hotel Service"
time="2024-08-28T22:11:13+05:00" level=info msg="Connected to Booking Service"
time="2024-08-28T22:11:13+05:00" level=info msg="Connected to Notification Service"
time="2024-08-28T22:11:13+05:00" level=info msg="Service clients initialized"
time="2024-08-28T22:11:13+05:00" level=info msg="Starting API Gateway on address::9000"
time="2024-08-28T22:11:13+05:00" level=info msg="Starting API Gateway on: :9000"
time="2024-08-28T22:11:16+05:00" level=info msg="Creating booking for user:b04e2967-9293-4ebf-bba1-1b8572f5ccff"
time="2024-08-28T22:11:16+05:00" level=info msg="Booking created successfully for user:b04e2967-9293-4ebf-bba1-1b8572f5ccff"
time="2024-08-28T22:11:16+05:00" level=info msg="Sending email to:xadichamahkamovaa@gmail.com"
time="2024-08-28T22:11:18+05:00" level=info msg="Email sent successfully to:xadichamahkamovaa@gmail.com"
time="2024-08-28T22:11:18+05:00" level=info msg="Producing message to topic:notifications with key:xadichamahkamovaa@gmail.com"
time="2024-08-28T22:11:18+05:00" level=info msg="Message produced successfully to topic:notifications"
time="2024-08-28T22:11:18+05:00" level=info msg="Request sent to WebSocket service"
time="2024-08-28T22:11:18+05:00" level=error msg="Failed send message to WebSocket service:<nil>"
time="2024-08-28T22:19:04+05:00" level=info msg="Creating booking for user:b04e2967-9293-4ebf-bba1-1b8572f5ccff"
time="2024-08-28T22:19:04+05:00" level=info msg="Booking created successfully for user:b04e2967-9293-4ebf-bba1-1b8572f5ccff"
time="2024-08-28T22:19:04+05:00" level=info msg="Sending email to:xadichamahkamovaa@gmail.com"
time="2024-08-28T22:19:11+05:00" level=info msg="Email sent successfully to:xadichamahkamovaa@gmail.com"
time="2024-08-28T22:19:11+05:00" level=info msg="Producing message to topic:notifications with key:xadichamahkamovaa@gmail.com"
time="2024-08-28T22:19:11+05:00" level=info msg="Message produced successfully to topic:notifications"
time="2024-08-28T22:19:11+05:00" level=info msg="Request sent to WebSocket service"
time="2024-08-28T22:19:11+05:00" level=error msg="Failed send message to WebSocket service:<nil>"
time="2024-08-28T22:19:41+05:00" level=info msg="Creating booking for user:b04e2967-9293-4ebf-bba1-1b8572f5ccff"
time="2024-08-28T22:19:41+05:00" level=info msg="Booking created successfully for user:b04e2967-9293-4ebf-bba1-1b8572f5ccff"
time="2024-08-28T22:19:41+05:00" level=info msg="Sending email to:xadichamahkamovaa@gmail.com"
time="2024-08-28T22:19:43+05:00" level=info msg="Email sent successfully to:xadichamahkamovaa@gmail.com"
time="2024-08-28T22:19:43+05:00" level=info msg="Producing message to topic:notifications with key:xadichamahkamovaa@gmail.com"
time="2024-08-28T22:19:43+05:00" level=info msg="Message produced successfully to topic:notifications"
time="2024-08-28T22:19:43+05:00" level=info msg="Request sent to WebSocket service"
time="2024-08-28T22:19:43+05:00" level=error msg="Failed send message to WebSocket service:<nil>"
time="2024-08-28T22:20:57+05:00" level=info msg="Received signal:interrupt"
time="2024-08-28T22:20:57+05:00" level=info msg="Graceful shutdown complete."
time="2024-08-28T22:20:57+05:00" level=info msg="Closing Kafka client"
time="2024-08-28T22:21:00+05:00" level=info msg="Configuration loaded successfully"
time="2024-08-28T22:21:00+05:00" level=info msg="Initializing Kafka producer with address:localhost:9092"
time="2024-08-28T22:21:00+05:00" level=info msg="Kafka client initialized successfully"
time="2024-08-28T22:21:00+05:00" level=info msg="Producer started succesfully"
time="2024-08-28T22:21:00+05:00" level=info msg="Connected to User Service"
time="2024-08-28T22:21:00+05:00" level=info msg="Connected to Hotel Service"
time="2024-08-28T22:21:00+05:00" level=info msg="Connected to Booking Service"
time="2024-08-28T22:21:00+05:00" level=info msg="Connected to Notification Service"
time="2024-08-28T22:21:00+05:00" level=info msg="Service clients initialized"
time="2024-08-28T22:21:00+05:00" level=info msg="Starting API Gateway on address::9000"
time="2024-08-28T22:21:00+05:00" level=info msg="Starting API Gateway on: :9000"
time="2024-08-28T22:21:39+05:00" level=info msg="Creating booking for user:b04e2967-9293-4ebf-bba1-1b8572f5ccff"
time="2024-08-28T22:21:39+05:00" level=info msg="Booking created successfully for user:b04e2967-9293-4ebf-bba1-1b8572f5ccff"
time="2024-08-28T22:21:39+05:00" level=info msg="Sending email to:xadichamahkamovaa@gmail.com"
time="2024-08-28T22:21:46+05:00" level=info msg="Email sent successfully to:xadichamahkamovaa@gmail.com"
time="2024-08-28T22:21:46+05:00" level=info msg="Producing message to topic:notifications with key:xadichamahkamovaa@gmail.com"
time="2024-08-28T22:21:46+05:00" level=info msg="Message produced successfully to topic:notifications"
time="2024-08-28T22:21:46+05:00" level=info msg="Request sent to WebSocket service"
time="2024-08-28T22:21:46+05:00" level=error msg="Failed send message to WebSocket service:<nil>"
time="2024-08-28T22:22:21+05:00" level=info msg="Creating booking for user:b04e2967-9293-4ebf-bba1-1b8572f5ccff"
time="2024-08-28T22:22:21+05:00" level=info msg="Booking created successfully for user:b04e2967-9293-4ebf-bba1-1b8572f5ccff"
time="2024-08-28T22:22:21+05:00" level=info msg="Sending email to:xadichamahkamovaa@gmail.com"
time="2024-08-28T22:22:22+05:00" level=info msg="Email sent successfully to:xadichamahkamovaa@gmail.com"
time="2024-08-28T22:22:22+05:00" level=info msg="Producing message to topic:notifications with key:xadichamahkamovaa@gmail.com"
time="2024-08-28T22:22:22+05:00" level=info msg="Message produced successfully to topic:notifications"
time="2024-08-28T22:22:22+05:00" level=info msg="Request sent to WebSocket service"
time="2024-08-28T22:22:22+05:00" level=error msg="Failed send message to WebSocket service:<nil>"
time="2024-08-28T22:22:56+05:00" level=info msg="Received signal:interrupt"
time="2024-08-28T22:22:56+05:00" level=info msg="Graceful shutdown complete."
time="2024-08-28T22:22:56+05:00" level=info msg="Closing Kafka client"
time="2024-08-28T22:25:31+05:00" level=info msg="Configuration loaded successfully"
time="2024-08-28T22:25:31+05:00" level=info msg="Initializing Kafka producer with address:localhost:9092"
time="2024-08-28T22:25:31+05:00" level=info msg="Kafka client initialized successfully"
time="2024-08-28T22:25:31+05:00" level=info msg="Producer started succesfully"
time="2024-08-28T22:25:31+05:00" level=info msg="Connected to User Service"
time="2024-08-28T22:25:31+05:00" level=info msg="Connected to Hotel Service"
time="2024-08-28T22:25:31+05:00" level=info msg="Connected to Booking Service"
time="2024-08-28T22:25:31+05:00" level=info msg="Connected to Notification Service"
time="2024-08-28T22:25:31+05:00" level=info msg="Service clients initialized"
time="2024-08-28T22:25:31+05:00" level=info msg="Starting API Gateway on address::9000"
time="2024-08-28T22:25:31+05:00" level=info msg="Starting API Gateway on: :9000"
time="2024-08-28T22:25:32+05:00" level=info msg="Creating booking for user:b04e2967-9293-4ebf-bba1-1b8572f5ccff"
time="2024-08-28T22:25:32+05:00" level=info msg="Booking created successfully for user:b04e2967-9293-4ebf-bba1-1b8572f5ccff"
time="2024-08-28T22:25:32+05:00" level=info msg="Sending email to:xadichamahkamovaa@gmail.com"
time="2024-08-28T22:25:39+05:00" level=info msg="Email sent successfully to:xadichamahkamovaa@gmail.com"
time="2024-08-28T22:25:39+05:00" level=info msg="Producing message to topic:notifications with key:xadichamahkamovaa@gmail.com"
time="2024-08-28T22:25:39+05:00" level=info msg="Message produced successfully to topic:notifications"
time="2024-08-28T22:25:39+05:00" level=info msg="Request sent to WebSocket service"
time="2024-08-28T22:25:39+05:00" level=error msg="Failed send message to WebSocket service:<nil>"
time="2024-08-28T22:26:45+05:00" level=info msg="Received signal:interrupt"
time="2024-08-28T22:26:45+05:00" level=info msg="Graceful shutdown complete."
time="2024-08-28T22:26:45+05:00" level=info msg="Closing Kafka client"
time="2024-08-28T22:29:51+05:00" level=info msg="Configuration loaded successfully"
time="2024-08-28T22:29:51+05:00" level=info msg="Initializing Kafka producer with address:localhost:9092"
time="2024-08-28T22:29:51+05:00" level=info msg="Kafka client initialized successfully"
time="2024-08-28T22:29:51+05:00" level=info msg="Producer started succesfully"
time="2024-08-28T22:29:51+05:00" level=info msg="Connected to User Service"
time="2024-08-28T22:29:51+05:00" level=info msg="Connected to Hotel Service"
time="2024-08-28T22:29:51+05:00" level=info msg="Connected to Booking Service"
time="2024-08-28T22:29:51+05:00" level=info msg="Connected to Notification Service"
time="2024-08-28T22:29:51+05:00" level=info msg="Service clients initialized"
time="2024-08-28T22:29:51+05:00" level=info msg="Starting API Gateway on address::9000"
time="2024-08-28T22:29:51+05:00" level=info msg="Starting API Gateway on: :9000"
time="2024-08-28T22:30:06+05:00" level=info msg="Creating booking for user:b04e2967-9293-4ebf-bba1-1b8572f5ccff"
time="2024-08-28T22:30:06+05:00" level=info msg="Booking created successfully for user:b04e2967-9293-4ebf-bba1-1b8572f5ccff"
time="2024-08-28T22:30:06+05:00" level=info msg="Sending email to:xadichamahkamovaa@gmail.com"
time="2024-08-28T22:30:08+05:00" level=info msg="Email sent successfully to:xadichamahkamovaa@gmail.com"
time="2024-08-28T22:30:08+05:00" level=info msg="Producing message to topic:notifications with key:xadichamahkamovaa@gmail.com"
time="2024-08-28T22:30:08+05:00" level=info msg="Message produced successfully to topic:notifications"
time="2024-08-28T22:30:08+05:00" level=info msg="Request sent to WebSocket service"
time="2024-08-28T22:30:08+05:00" level=error msg="Failed send message to WebSocket service:<nil>"
time="2024-08-28T22:30:23+05:00" level=info msg="Creating booking for user:b04e2967-9293-4ebf-bba1-1b8572f5ccff"
time="2024-08-28T22:30:23+05:00" level=info msg="Booking created successfully for user:b04e2967-9293-4ebf-bba1-1b8572f5ccff"
time="2024-08-28T22:30:23+05:00" level=info msg="Sending email to:xadichamahkamovaa@gmail.com"
time="2024-08-28T22:30:24+05:00" level=info msg="Email sent successfully to:xadichamahkamovaa@gmail.com"
time="2024-08-28T22:30:24+05:00" level=info msg="Producing message to topic:notifications with key:xadichamahkamovaa@gmail.com"
time="2024-08-28T22:30:24+05:00" level=info msg="Message produced successfully to topic:notifications"
time="2024-08-28T22:30:25+05:00" level=info msg="Request sent to WebSocket service"
time="2024-08-28T22:30:25+05:00" level=error msg="Failed send message to WebSocket service:<nil>"
time="2024-08-28T22:32:12+05:00" level=info msg="Received signal:interrupt"
time="2024-08-28T22:32:12+05:00" level=info msg="Graceful shutdown complete."
time="2024-08-28T22:32:12+05:00" level=info msg="Closing Kafka client"
time="2024-08-29T04:45:26+05:00" level=info msg="Configuration loaded successfully"
time="2024-08-29T04:45:26+05:00" level=info msg="Initializing Kafka producer with address:localhost:9092"
time="2024-08-29T04:45:26+05:00" level=info msg="Kafka client initialized successfully"
time="2024-08-29T04:45:26+05:00" level=info msg="Producer started succesfully"
time="2024-08-29T04:45:26+05:00" level=info msg="Connected to User Service"
time="2024-08-29T04:45:26+05:00" level=info msg="Connected to Hotel Service"
time="2024-08-29T04:45:26+05:00" level=info msg="Connected to Booking Service"
time="2024-08-29T04:45:26+05:00" level=info msg="Connected to Notification Service"
time="2024-08-29T04:45:26+05:00" level=info msg="Service clients initialized"
time="2024-08-29T04:45:26+05:00" level=info msg="Starting API Gateway on address::9000"
time="2024-08-29T04:45:26+05:00" level=info msg="Starting API Gateway on: :9000"
time="2024-08-29T04:46:39+05:00" level=info msg="User logged in successfully"
time="2024-08-29T04:47:04+05:00" level=info msg="Successfully retrieved list of hotels"
time="2024-08-29T04:47:17+05:00" level=info msg="Creating booking for user:string"
time="2024-08-29T04:47:17+05:00" level=error msg="Failed to create booking: rpc error: code = Unknown desc = pq: invalid input syntax for type uuid: \"string\""
time="2024-08-29T04:47:17+05:00" level=info msg="Booking created successfully for user:string"
time="2024-08-29T04:47:17+05:00" level=info msg="Sending email to:xadichamahkamovaa@gmail.com"
time="2024-08-29T04:47:24+05:00" level=info msg="Email sent successfully to:xadichamahkamovaa@gmail.com"
time="2024-08-29T04:47:24+05:00" level=info msg="Producing message to topic:notifications with key:xadichamahkamovaa@gmail.com"
time="2024-08-29T04:48:02+05:00" level=info msg="Received signal:interrupt"
time="2024-08-29T04:48:12+05:00" level=fatal msg="Server shutdown error: context deadline exceeded"
time="2024-08-29T04:48:17+05:00" level=info msg="Configuration loaded successfully"
time="2024-08-29T04:48:17+05:00" level=info msg="Initializing Kafka producer with address:localhost:9092"
time="2024-08-29T04:48:17+05:00" level=info msg="Kafka client initialized successfully"
time="2024-08-29T04:48:17+05:00" level=info msg="Producer started succesfully"
time="2024-08-29T04:48:17+05:00" level=info msg="Connected to User Service"
time="2024-08-29T04:48:17+05:00" level=info msg="Connected to Hotel Service"
time="2024-08-29T04:48:17+05:00" level=info msg="Connected to Booking Service"
time="2024-08-29T04:48:17+05:00" level=info msg="Connected to Notification Service"
time="2024-08-29T04:48:17+05:00" level=info msg="Service clients initialized"
time="2024-08-29T04:48:17+05:00" level=info msg="Starting API Gateway on address::9000"
time="2024-08-29T04:48:17+05:00" level=info msg="Starting API Gateway on: :9000"
time="2024-08-29T04:48:39+05:00" level=info msg="User logged in successfully"
time="2024-08-29T04:49:17+05:00" level=info msg="Successfully retrieved list of hotels"
time="2024-08-29T04:50:44+05:00" level=info msg="Creating booking for user:b04e2967-9293-4ebf-bba1-1b8572f5ccff"
time="2024-08-29T04:50:44+05:00" level=info msg="Booking created successfully for user:b04e2967-9293-4ebf-bba1-1b8572f5ccff"
time="2024-08-29T04:50:44+05:00" level=info msg="Sending email to:xadichamahkamovaa@gmail.com"
time="2024-08-29T04:50:46+05:00" level=info msg="Email sent successfully to:xadichamahkamovaa@gmail.com"
time="2024-08-29T04:50:46+05:00" level=info msg="Producing message to topic:notifications with key:xadichamahkamovaa@gmail.com"
time="2024-08-29T04:52:35+05:00" level=info msg="Received signal:interrupt"
time="2024-08-29T04:52:45+05:00" level=fatal msg="Server shutdown error: context deadline exceeded"
time="2024-08-29T04:53:22+05:00" level=info msg="Configuration loaded successfully"
time="2024-08-29T04:53:22+05:00" level=info msg="Initializing Kafka producer with address:localhost:9092"
time="2024-08-29T04:53:22+05:00" level=info msg="Kafka client initialized successfully"
time="2024-08-29T04:53:22+05:00" level=info msg="Producer started succesfully"
time="2024-08-29T04:53:22+05:00" level=info msg="Connected to User Service"
time="2024-08-29T04:53:22+05:00" level=info msg="Connected to Hotel Service"
time="2024-08-29T04:53:22+05:00" level=info msg="Connected to Booking Service"
time="2024-08-29T04:53:22+05:00" level=info msg="Connected to Notification Service"
time="2024-08-29T04:53:22+05:00" level=info msg="Service clients initialized"
time="2024-08-29T04:53:22+05:00" level=info msg="Starting API Gateway on address::9000"
time="2024-08-29T04:53:22+05:00" level=info msg="Starting API Gateway on: :9000"
time="2024-08-29T04:53:48+05:00" level=info msg="Creating booking for user:b04e2967-9293-4ebf-bba1-1b8572f5ccff"
time="2024-08-29T04:53:48+05:00" level=info msg="Booking created successfully for user:b04e2967-9293-4ebf-bba1-1b8572f5ccff"
time="2024-08-29T04:53:48+05:00" level=info msg="Sending email to:xadichamahkamovaa@gmail.com"
time="2024-08-29T04:53:50+05:00" level=info msg="Email sent successfully to:xadichamahkamovaa@gmail.com"
time="2024-08-29T04:53:50+05:00" level=info msg="Producing message to topic:notifications with key:xadichamahkamovaa@gmail.com"
time="2024-08-29T04:55:13+05:00" level=info msg="Received signal:interrupt"
time="2024-08-29T04:55:19+05:00" level=info msg="Message produced successfully to topic:notifications"
time="2024-08-29T04:55:20+05:00" level=info msg="Graceful shutdown complete."
time="2024-08-29T04:55:20+05:00" level=info msg="Closing Kafka client"
time="2024-08-29T04:55:39+05:00" level=info msg="Configuration loaded successfully"
time="2024-08-29T04:55:39+05:00" level=info msg="Initializing Kafka producer with address:localhost:9092"
time="2024-08-29T04:55:39+05:00" level=info msg="Kafka client initialized successfully"
time="2024-08-29T04:55:39+05:00" level=info msg="Producer started succesfully"
time="2024-08-29T04:55:39+05:00" level=info msg="Connected to User Service"
time="2024-08-29T04:55:39+05:00" level=info msg="Connected to Hotel Service"
time="2024-08-29T04:55:39+05:00" level=info msg="Connected to Booking Service"
time="2024-08-29T04:55:39+05:00" level=info msg="Connected to Notification Service"
time="2024-08-29T04:55:39+05:00" level=info msg="Service clients initialized"
time="2024-08-29T04:55:39+05:00" level=info msg="Starting API Gateway on address::9000"
time="2024-08-29T04:55:39+05:00" level=info msg="Starting API Gateway on: :9000"
time="2024-08-29T04:55:50+05:00" level=info msg="Creating booking for user:b04e2967-9293-4ebf-bba1-1b8572f5ccff"
time="2024-08-29T04:55:50+05:00" level=info msg="Booking created successfully for user:b04e2967-9293-4ebf-bba1-1b8572f5ccff"
time="2024-08-29T04:55:50+05:00" level=info msg="Sending email to:xadichamahkamovaa@gmail.com"
time="2024-08-29T04:55:51+05:00" level=info msg="Email sent successfully to:xadichamahkamovaa@gmail.com"
time="2024-08-29T04:55:51+05:00" level=info msg="Producing message to topic:notifications with key:xadichamahkamovaa@gmail.com"
time="2024-08-29T04:55:51+05:00" level=info msg="Message produced successfully to topic:notifications"
time="2024-08-29T04:56:33+05:00" level=info msg="Received signal:interrupt"
time="2024-08-29T04:56:33+05:00" level=info msg="Graceful shutdown complete."
time="2024-08-29T04:56:33+05:00" level=info msg="Closing Kafka client"
time="2024-08-29T05:17:46+05:00" level=info msg="Configuration loaded successfully"
time="2024-08-29T05:17:46+05:00" level=info msg="Initializing Kafka producer with address:localhost:9092"
time="2024-08-29T05:17:46+05:00" level=info msg="Kafka client initialized successfully"
time="2024-08-29T05:17:46+05:00" level=info msg="Producer started succesfully"
time="2024-08-29T05:17:46+05:00" level=info msg="Connected to User Service"
time="2024-08-29T05:17:46+05:00" level=info msg="Connected to Hotel Service"
time="2024-08-29T05:17:46+05:00" level=info msg="Connected to Booking Service"
time="2024-08-29T05:17:46+05:00" level=info msg="Connected to Notification Service"
time="2024-08-29T05:17:46+05:00" level=info msg="Service clients initialized"
time="2024-08-29T05:17:46+05:00" level=info msg="Starting API Gateway on address::9000"
time="2024-08-29T05:17:46+05:00" level=info msg="Starting API Gateway on: :9000"
time="2024-08-29T05:18:35+05:00" level=info msg="User logged in successfully"
time="2024-08-29T05:19:07+05:00" level=info msg="Received signal:interrupt"
time="2024-08-29T05:19:07+05:00" level=fatal msg="http: Server closed"
time="2024-08-29T08:15:02+05:00" level=info msg="Configuration loaded successfully"
time="2024-08-29T08:15:02+05:00" level=info msg="Initializing Kafka producer with address:localhost:9092"
time="2024-08-29T08:15:02+05:00" level=info msg="Kafka client initialized successfully"
time="2024-08-29T08:15:02+05:00" level=info msg="Producer started succesfully"
time="2024-08-29T08:15:02+05:00" level=info msg="Connected to User Service"
time="2024-08-29T08:15:02+05:00" level=info msg="Connected to Hotel Service"
time="2024-08-29T08:15:02+05:00" level=info msg="Connected to Booking Service"
time="2024-08-29T08:15:02+05:00" level=info msg="Connected to Notification Service"
time="2024-08-29T08:15:02+05:00" level=info msg="Service clients initialized"
time="2024-08-29T08:15:02+05:00" level=info msg="Starting API Gateway on address::9000"
time="2024-08-29T08:15:02+05:00" level=info msg="Starting API Gateway on: :9000"
